09:45:22 HHC01413I Hercules version 4.00
09:45:22 HHC01414I (c) Copyright 1999-2012 by Roger Bowler, Jan Jaeger, and others
09:45:22 HHC01415I Built on Jun 26 2016 at 22:04:26
09:45:22 HHC01416I Build information:
09:45:22 HHC01417I Windows (MSVC) build for AMD64
09:45:22 HHC01417I Hercules for TK4- (64-bit Windows)
09:45:22 HHC01417I Modes: S/370 ESA/390 z/Arch
09:45:22 HHC01417I Max CPU Engines: 8
09:45:22 HHC01417I Using   fthreads Threading Model
09:45:22 HHC01417I Using   Error-Checking Mutex Locking Model
09:45:22 HHC01417I Using   FishIO
09:45:22 HHC01417I With    Dynamic loading support
09:45:22 HHC01417I Using   shared libraries
09:45:22 HHC01417I With    External GUI support
09:45:22 HHC01417I With    IPV6 support
09:45:22 HHC01417I With    HTTP Server support
09:45:22 HHC01417I With    sqrtl support
09:45:22 HHC01417I Without SIGABEND handler
09:45:22 HHC01417I With    CCKD BZIP2 support
09:45:22 HHC01417I With    HET BZIP2 support
09:45:22 HHC01417I With    ZLIB support
09:45:22 HHC01417I With    Regular Expressions support
09:45:22 HHC01417I Without Object REXX support
09:45:22 HHC01417I Without Regina REXX support
09:45:22 HHC01417I With    Automatic Operator support
09:45:22 HHC01417I Without National Language Support
09:45:22 HHC01417I Machine dependent assists: cmpxchg1 cmpxchg4 cmpxchg8
09:45:22 HHC01417I Running on DESKTOP-AIU2AQH Windows-6.2.9200.  Professional 64-bit, AMD(R) x64 LP=12, Cores=6, CPUs=1
09:45:22 HHC00100I Thread id 00002C14, prio 15, name Processor CP00 started
09:45:22 HHC00100I Thread id 00002828, prio -20, name Timer started
09:45:22 HHC00811I Processor CP00: architecture mode z/Arch
09:45:22 HHC01802I HTTP server using root directory D:/Users/Lucas/Documents/Cobol/Hercules/tk4-_v1.00_current/hercules/httproot/
09:45:22 HHC01807I HTTP server signaled to start
09:45:22 HHC00100I Thread id 00000C38, prio  0, name HTTP server started
09:45:22 HHC01802I HTTP server using root directory D:/Users/Lucas/Documents/Cobol/Hercules/tk4-_v1.00_current/hercules/httproot/
09:45:22 HHC01803I HTTP server waiting for requests on port 8038
09:45:22 HHC01042I 0:000C COMM: device bound to socket 3505
09:45:22 HHC00100I Thread id 00000594, prio  0, name Socket device listener started
09:45:22 HHC01437I Config file[45] conf/tk4-.cnf: including file conf/intcons.cnf
09:45:22 HHC00100I Thread id 00002F00, prio  0, name Console connection started
09:45:22 HHC01024I Waiting for console connections on port 3270
09:45:22 HHC01437I Config file[71] conf/tk4-.cnf: including file conf/tk4-_default.cnf
09:45:24 HHC00971I 0:0610 CTC: connect to 127.0.0.1:18610 failed, starting server
09:45:27 HHC00971I 0:0611 CTC: connect to 127.0.0.1:18611 failed, starting server
09:45:27 HHC00100I Thread id 000038CC, prio  0, name 3705 device(1:0660) thread started
09:45:27 HHC01004I 0:0660 COMM: listening on port 37051 for incoming TCP connections
09:45:27 HHC00100I Thread id 00002418, prio  0, name 3705 device(1:0661) thread started
09:45:27 HHC01004I 0:0661 COMM: listening on port 37052 for incoming TCP connections
09:45:27 HHC00100I Thread id 000015B8, prio  0, name 3705 device(1:0662) thread started
09:45:27 HHC01004I 0:0662 COMM: listening on port 37053 for incoming TCP connections
09:45:27 HHC01004I 0:0663 COMM: listening on port 37054 for incoming TCP connections
09:45:27 HHC00100I Thread id 00003928, prio  0, name 3705 device(1:0663) thread started
09:45:27 HHC01004I 0:0664 COMM: listening on port 37055 for incoming TCP connections
09:45:27 HHC00100I Thread id 00002124, prio  0, name 3705 device(1:0664) thread started
09:45:27 HHC01004I 0:0665 COMM: listening on port 37056 for incoming TCP connections
09:45:27 HHC00100I Thread id 000018DC, prio  0, name 3705 device(1:0665) thread started
09:45:27 HHC01004I 0:0666 COMM: listening on port 37057 for incoming TCP connections
09:45:27 HHC00100I Thread id 00001504, prio  0, name 3705 device(1:0666) thread started
09:45:27 HHC01004I 0:0667 COMM: listening on port 37058 for incoming TCP connections
09:45:27 HHC00100I Thread id 00001F08, prio  0, name 3705 device(1:0667) thread started
09:45:27 HHC01004I 0:0668 COMM: listening on port 37911 for incoming TCP connections
09:45:27 HHC00100I Thread id 00003B68, prio  0, name 3705 device(1:0668) thread started
09:45:27 HHC01004I 0:0669 COMM: listening on port 37912 for incoming TCP connections
09:45:27 HHC00100I Thread id 00002EA8, prio  0, name 3705 device(1:0669) thread started
09:45:27 HHC01004I 0:066A COMM: listening on port 37913 for incoming TCP connections
09:45:27 HHC00100I Thread id 00002714, prio  0, name 3705 device(1:066A) thread started
09:45:27 HHC01004I 0:066B COMM: listening on port 37914 for incoming TCP connections
09:45:27 HHC00100I Thread id 00000F08, prio  0, name 3705 device(1:066B) thread started
09:45:27 HHC00100I Thread id 00001164, prio  0, name 0:0670 communication thread started
09:45:27 HHC01004I 0:0670 COMM: listening on port 37801 for incoming TCP connections
09:45:27 HHC00100I Thread id 00001598, prio  0, name 0:0671 communication thread started
09:45:27 HHC01004I 0:0671 COMM: listening on port 37802 for incoming TCP connections
09:45:27 HHC00100I Thread id 00000888, prio  0, name 0:0672 communication thread started
09:45:27 HHC01004I 0:0672 COMM: listening on port 37803 for incoming TCP connections
09:45:27 HHC00100I Thread id 00003850, prio  0, name 0:0673 communication thread started
09:45:27 HHC01004I 0:0673 COMM: listening on port 37804 for incoming TCP connections
09:45:27 HHC00100I Thread id 0000367C, prio  0, name 0:0680 communication thread started
09:45:27 HHC01004I 0:0680 COMM: listening on port 33351 for incoming TCP connections
09:45:27 HHC00100I Thread id 0000281C, prio  0, name 0:0681 communication thread started
09:45:27 HHC01004I 0:0681 COMM: listening on port 33352 for incoming TCP connections
09:45:27 HHC00100I Thread id 00003B54, prio  0, name 0:0682 communication thread started
09:45:27 HHC01004I 0:0682 COMM: listening on port 33353 for incoming TCP connections
09:45:27 HHC00100I Thread id 00002864, prio  0, name 0:0683 communication thread started
09:45:27 HHC01004I 0:0683 COMM: listening on port 33354 for incoming TCP connections
09:45:27 HHC00100I Thread id 00001FA8, prio  0, name 0:0688 communication thread started
09:45:27 HHC01004I 0:0688 COMM: listening on port 27411 for incoming TCP connections
09:45:27 HHC00100I Thread id 0000342C, prio  0, name 0:0689 communication thread started
09:45:27 HHC01004I 0:0689 COMM: listening on port 27412 for incoming TCP connections
09:45:27 HHC00100I Thread id 00002EC8, prio  0, name 0:068A communication thread started
09:45:27 HHC01004I 0:068A COMM: listening on port 27413 for incoming TCP connections
09:45:27 HHC00100I Thread id 00000D48, prio  0, name 0:068B communication thread started
09:45:27 HHC01004I 0:068B COMM: listening on port 27414 for incoming TCP connections
09:45:27 HHC00100I Thread id 000019A8, prio  0, name 0:068C communication thread started
09:45:27 HHC01004I 0:068C COMM: listening on port 27415 for incoming TCP connections
09:45:27 HHC00100I Thread id 00002BC4, prio  0, name 0:068D communication thread started
09:45:27 HHC01004I 0:068D COMM: listening on port 27416 for incoming TCP connections
09:45:27 HHC00100I Thread id 00001F4C, prio  0, name 0:068E communication thread started
09:45:27 HHC01004I 0:068E COMM: listening on port 27417 for incoming TCP connections
09:45:27 HHC00100I Thread id 00002900, prio  0, name 0:068F communication thread started
09:45:27 HHC01004I 0:068F COMM: listening on port 27418 for incoming TCP connections
09:45:27 HHC00414I 0:0152 CKD file dasd/hasp00.152: cyls 411 heads 19 tracks 7809 trklen 13312
09:45:27 HHC00414I 0:0191 CKD file dasd/mvscat.191: cyls 1114 heads 15 tracks 16710 trklen 56832
09:45:27 HHC00414I 0:0248 CKD file dasd/mvsdlb.248: cyls 560 heads 30 tracks 16800 trklen 19456
09:45:27 HHC00414I 0:0148 CKD file dasd/mvsres.148: cyls 560 heads 30 tracks 16800 trklen 19456
09:45:27 HHC00414I 0:0160 CKD file dasd/page00.160: cyls 698 heads 12 tracks 8376 trklen 8704
09:45:27 HHC00414I 0:0161 CKD file dasd/page01.161: cyls 698 heads 12 tracks 8376 trklen 8704
09:45:27 HHC00414I 0:0240 CKD file dasd/pub000.240: cyls 560 heads 30 tracks 16800 trklen 19456
09:45:27 HHC00414I 0:0241 CKD file dasd/pub010.241: cyls 560 heads 30 tracks 16800 trklen 19456
09:45:27 HHC00414I 0:0270 CKD file dasd/pub001.270: cyls 960 heads 12 tracks 11520 trklen 35840
09:45:27 HHC00414I 0:0271 CKD file dasd/pub011.271: cyls 960 heads 12 tracks 11520 trklen 35840
09:45:27 HHC00414I 0:0280 CKD file dasd/pub002.280: cyls 1772 heads 15 tracks 26580 trklen 47616
09:45:27 HHC00414I 0:0281 CKD file dasd/pub012.281: cyls 1772 heads 15 tracks 26580 trklen 47616
09:45:27 HHC00414I 0:0290 CKD file dasd/pub003.290: cyls 1114 heads 15 tracks 16710 trklen 56832
09:45:27 HHC00414I 0:0291 CKD file dasd/pub013.291: cyls 2047 heads 15 tracks 30705 trklen 56832
09:45:27 HHC00414I 0:0149 CKD file dasd/smp001.149: cyls 560 heads 30 tracks 16800 trklen 19456
09:45:27 HHC00414I 0:014A CKD file dasd/smp002.14a: cyls 560 heads 30 tracks 16800 trklen 19456
09:45:27 HHC00414I 0:014B CKD file dasd/smp003.14b: cyls 560 heads 30 tracks 16800 trklen 19456
09:45:27 HHC00414I 0:014C CKD file dasd/smp004.14c: cyls 560 heads 30 tracks 16800 trklen 19456
09:45:27 HHC00414I 0:0131 CKD file dasd/sort01.131: cyls 203 heads 20 tracks 4060 trklen 7680
09:45:27 HHC00414I 0:0132 CKD file dasd/sort02.132: cyls 203 heads 20 tracks 4060 trklen 7680
09:45:27 HHC00414I 0:0133 CKD file dasd/sort03.133: cyls 203 heads 20 tracks 4060 trklen 7680
09:45:27 HHC00414I 0:0134 CKD file dasd/sort04.134: cyls 203 heads 20 tracks 4060 trklen 7680
09:45:27 HHC00414I 0:0135 CKD file dasd/sort05.135: cyls 203 heads 20 tracks 4060 trklen 7680
09:45:27 HHC00414I 0:0136 CKD file dasd/sort06.136: cyls 203 heads 20 tracks 4060 trklen 7680
09:45:27 HHC00414I 0:0140 CKD file dasd/work00.140: cyls 560 heads 30 tracks 16800 trklen 19456
09:45:27 HHC00414I 0:0170 CKD file dasd/work01.170: cyls 960 heads 12 tracks 11520 trklen 35840
09:45:27 HHC00414I 0:0180 CKD file dasd/work02.180: cyls 886 heads 15 tracks 13290 trklen 47616
09:45:27 HHC00414I 0:0190 CKD file dasd/work03.190: cyls 1114 heads 15 tracks 16710 trklen 56832
09:45:27 HHC01437I Config file[106] conf/tk4-.cnf: including file conf/cbt_dasd.cnf
09:45:27 HHC01437I Config file[110] conf/tk4-.cnf: including file conf/source_dasd.cnf
09:45:27 HHC01437I Config file[114] conf/tk4-.cnf: including file conf/tk4-_updates.cnf
09:45:27 HHC01437I Config file[10] conf/tk4-.cnf: including file conf/tk4-_updates/01
09:45:27 HHC01437I Config file[11] conf/tk4-.cnf: including file conf/tk4-_updates/02
09:45:27 HHC01437I Config file[12] conf/tk4-.cnf: including file conf/tk4-_updates/03
09:45:27 HHC01437I Config file[13] conf/tk4-.cnf: including file conf/tk4-_updates/04
09:45:27 HHC01437I Config file[14] conf/tk4-.cnf: including file conf/tk4-_updates/05
09:45:27 HHC01437I Config file[15] conf/tk4-.cnf: including file conf/tk4-_updates/06
09:45:27 HHC01437I Config file[16] conf/tk4-.cnf: including file conf/tk4-_updates/07
09:45:27 HHC01437I Config file[17] conf/tk4-.cnf: including file conf/tk4-_updates/08
09:45:27 HHC01437I Config file[18] conf/tk4-.cnf: including file conf/tk4-_updates/09
09:45:27 HHC01437I Config file[19] conf/tk4-.cnf: including file conf/tk4-_updates/10
09:45:27 HHC01437I Config file[118] conf/tk4-.cnf: including file conf/local.cnf
09:45:27 HHC01437I Config file[10] conf/tk4-.cnf: including file local_conf/01
09:45:27 HHC01437I Config file[11] conf/tk4-.cnf: including file local_conf/02
09:45:27 HHC01437I Config file[12] conf/tk4-.cnf: including file local_conf/03
09:45:27 HHC01437I Config file[13] conf/tk4-.cnf: including file local_conf/04
09:45:27 HHC01437I Config file[14] conf/tk4-.cnf: including file local_conf/05
09:45:27 HHC01437I Config file[15] conf/tk4-.cnf: including file local_conf/06
09:45:27 HHC01437I Config file[16] conf/tk4-.cnf: including file local_conf/07
09:45:27 HHC01437I Config file[17] conf/tk4-.cnf: including file local_conf/08
09:45:27 HHC01437I Config file[18] conf/tk4-.cnf: including file local_conf/09
09:45:27 HHC01437I Config file[19] conf/tk4-.cnf: including file local_conf/10
09:45:27 HHC00100I Thread id 00000570, prio  0, name Control panel started
09:45:27 HHC02260I Script 1: begin processing file scripts/ipl.rc
09:45:27 HHC01603I hao tgt MVS038J
09:45:27 HHC00077I The target was placed at index 0
09:45:27 HHC01603I hao cmd script scripts/tk4-.rc
09:45:27 HHC00077I The command was placed at index 0
09:45:27 HHC01603I hao tgt IEA101A
09:45:27 HHC00100I Thread id 00002FEC, prio  0, name Hercules Automatic Operator started
09:45:27 HHC00077I The target was placed at index 1
09:45:27 HHC01603I hao cmd script ${SCR101A:=scripts}/SCR101A_${REP101A:=default}${CMD101A}
09:45:27 HHC00077I The command was placed at index 1
09:45:27 HHC01603I hao tgt IEA305A
09:45:27 HHC00077I The target was placed at index 2
09:45:27 HHC01603I hao cmd script ${SCR101A:=scripts}/SCR101A_${REP101A:=default}${CMD101A}
09:45:27 HHC00077I The command was placed at index 2
09:45:27 HHC01603I * pausing for a few seconds, please stand by.
09:45:31 HHC01603I ipl 148
09:45:31 HHC01603I * pausing for a few seconds, please stand by.
09:45:31 HHC00811I Processor CP00: architecture mode S/370
09:45:31 IEA101A SPECIFY SYSTEM PARAMETERS FOR RELEASE 03.8 .VS2
09:45:31 HHC00081I Match at index 01, executing command script scripts/SCR101A_default
09:45:31 HHC01603I script scripts/SCR101A_default
09:45:31 HHC00010A Enter input for console 0:0009
09:45:31 HHC02260I Script 2: begin processing file scripts/SCR101A_default
09:45:35 HHC00008I /
09:45:35 HHC02264I Script 2: file scripts/SCR101A_default processing ended
09:45:35 HHC01603I * IEA101A just to make sure HAO gets it
09:45:35 HHC00081I Match at index 01, executing command script scripts/SCR101A_default
09:45:35 HHC01603I script scripts/SCR101A_default
09:45:35 HHC02260I Script 3: begin processing file scripts/SCR101A_default
09:45:35 HHC00100I Thread id 00000F48, prio  0, name Read-ahead thread-1 started
09:45:35 HHC00100I Thread id 000027CC, prio  0, name Read-ahead thread-2 started
09:45:35 HHC00100I Thread id 000026E8, prio  0, name Writer thread-1 started
09:45:35 HHC00100I Thread id 00002A78, prio  0, name Garbage collector started
09:45:35 IEA940I THE FOLLOWING PAGE DATA SETS ARE IN USE
09:45:35  PLPA ... SYS1.PAGELPA
09:45:35  COMMON . SYS1.PAGECSA
09:45:35  DUPLEX . SYS1.DUPLEX
09:45:35  LOCAL .. SYS1.PAGEL01
09:45:35  LOCAL .. SYS1.PAGEL02
09:45:35  IGF992I  MIH INIT COMPLETE, PRI=000300, SEC=000015
09:45:35  IEE360I SMF NOW RECORDING ON SYS1.MANY ON MVSRES TIME=13.45.35
09:45:35  RAKF is based on the ESG Security System
09:45:35  written by Craig J. Yasuna               (Mar 1991)
09:45:35  adapted to MVS 3.8J: A. Philip Dickinson (Aug 2005)
09:45:35                       Phil Roberts        (Apr 2011)
09:45:35                       Juergen Winkelmann  (Apr 2011)
09:45:35  RAKF001I RAKF is now being activated
09:45:35  RCVT WAS PROCESSED SUCCESSFULLY
09:45:35  RAKF003I RAKF is now active
09:45:35  RAKFPROF7  RAKF PROFILES UPDATED
09:45:35  RAKFUIDS4  USER TABLE UPDATED
09:45:35  IEF677I WARNING MESSAGE(S) FOR JOB JES2     ISSUED
09:45:35  $HASP493 JES2  QUICK-START IS IN PROGRESS
09:45:35  $HASP412 MAXIMUM OF 1   READER(S)  EXCEEDED
09:45:35  $HASP412 MAXIMUM OF 1   PUNCH(ES)  EXCEEDED
09:45:35  $HASP412 MAXIMUM OF 3   PRINTER(S) EXCEEDED
09:45:35  IEE041I THE SYSTEM LOG IS NOW ACTIVE
09:45:35  IEE341I BSPPILOT NOT ACTIVE
09:45:35  $HASP160 PUNCH1   INACTIVE - CLASS=B
09:45:35  $HASP250 SYSLOG   IS PURGED
09:45:35  $HASP100 BSPPILOT ON STCINRDR
09:45:35  $HASP373 BSPPILOT STARTED
09:45:35  $HASP100 INIT     ON STCINRDR
09:45:35  $HASP373 INIT     STARTED
09:45:35  $HASP100 INIT     ON STCINRDR
09:45:35  $HASP373 INIT     STARTED
09:45:35  $HASP100 INIT     ON STCINRDR
09:45:35  $HASP373 INIT     STARTED
09:45:35  $HASP100 INIT     ON STCINRDR
09:45:35  $HASP373 INIT     STARTED
09:45:35  $HASP100 INIT     ON STCINRDR
09:45:35  $HASP373 INIT     STARTED
09:45:35  $HASP100 INIT     ON STCINRDR
09:45:35  $HASP373 INIT     STARTED
09:45:35  $HASP100 BSPSETPF ON STCINRDR
09:45:35  $HASP309    INIT  1 INACTIVE ******** C=A
09:45:35  $HASP373 BSPSETPF STARTED
09:45:35  $HASP309    INIT  2 INACTIVE ******** C=BA
09:45:35  $HASP309    INIT  3 INACTIVE ******** C=HBA
09:45:35  $HASP309    INIT  4 INACTIVE ******** C=SHB
09:45:35  $HASP309    INIT  5 INACTIVE ******** C=SBA
09:45:35  $HASP309    INIT  6 INACTIVE ******** C=SC
09:45:35  BSPSP91I - Parms passed: NOREPLYU
09:45:35  BSPSP93I - PFK definitions will be updated in memory
09:45:35  BSPSP22I - Dataset processed: SYS1.PARMLIB
09:45:35  BSPSP23I - on volume MVSRES
09:45:35  BSPSP21I - Member being processed: SETPFK01
09:45:35  +BSPSP98I - Member processed, LASTCC=0000
09:45:35  +BSPSP21I - Member being processed: SETPFK02
09:45:35  +BSPSP98I - Member processed, LASTCC=0000
09:45:35  +BSPSP99I - End of processing, MAXRC=0000
09:45:35  $HASP395 BSPSETPF ENDED
09:45:38 HHC00100I Thread id 00001B38, prio  0, name Writer thread-2 started
09:45:39 HHC00008I /
09:45:39 HHC02264I Script 3: file scripts/SCR101A_default processing ended
09:45:39 HHC00010A Enter input for console 0:0009
09:45:39 HHC01603I hao tgt HHC00010A
09:45:39 HHC00077I The target was placed at index 3
09:45:39 HHC01603I hao cmd script scripts/SCR00010A
09:45:39 HHC00077I The command was placed at index 3
09:45:43 HHC00008I /d t
09:45:43 HHC02264I Script 1: file scripts/ipl.rc processing ended
09:45:43  IEE136I  TIME=13.45.43 DATE=23.033
09:46:05  +BSPPILOT - Running script STARTSTD
09:46:05  +BSPRS22I - Dataset processed: SYS1.PARMLIB
09:46:05  +BSPRS23I - on volume MVSRES
09:46:05  +BSPRS08I - PARM NOECHO
09:46:05  IEE302I 480      ONLINE
09:46:05  $HASP100 DYNAMASK ON STCINRDR
09:46:05  $HASP373 DYNAMASK STARTED
09:46:05  IEF403I DYNAMASK - STARTED - TIME=13.46.05
09:46:05  DMSK00I DYNAMASK DONE ****
09:46:05  DMSK06I  START
09:46:05  IEF404I DYNAMASK - ENDED - TIME=13.46.05
09:46:05  $HASP395 DYNAMASK ENDED
09:46:07  $HASP100 NET      ON STCINRDR
09:46:07  $HASP373 NET      STARTED
09:46:07  IEF403I NET - STARTED - TIME=13.46.07
09:46:07  $HASP100 TP       ON STCINRDR
09:46:07  $HASP373 TP       STARTED
09:46:07  IEF403I TP - STARTED - TIME=13.46.07
09:46:07  $HASP100 MF1      ON STCINRDR
09:46:07  $HASP373 MF1      STARTED
09:46:07  IEF403I MF1 - STARTED - TIME=13.46.07
09:46:08  IRB100I MF/1 IS ACTIVE
09:46:08  $HASP000 OK
09:46:08 13.46.08           IEF236I ALLOC. FOR JES2 JES2
09:46:08 13.46.08           IEF237I 00E  ALLOCATED TO PRINTER1
09:46:08 13.46.08 STC   46  $HASP150 MF1      ON PRINTER1        13 LINES
09:46:08 13.46.08 STC   46 *$HASP190 MF1      SETUP -- PRINTER1 -- F = 0001 -- C = 6    -- T = QN
09:46:08 13.46.08 STC   28  $HASP150 MF1      ON PRINTER1       211 LINES
09:46:08 13.46.08           $HASP160 PRINTER1 INACTIVE - CLASS=A
09:46:08 13.46.08           IEF236I ALLOC. FOR JES2 JES2
09:46:08 13.46.08           IEF237I 00F  ALLOCATED TO PRINTER2
09:46:08 13.46.08 STC   27  $HASP150 TP       ON PRINTER2        94 LINES
09:46:08 13.46.08 STC   27 *$HASP190 TP       SETUP -- PRINTER2 -- F = 0001 -- C = 6    -- T = QN
09:46:08 13.46.08 STC   44  IST025I  BLDL FAILED FOR IEDIAE   IN VTAMLIB
09:46:08 13.46.08 STC   28  $HASP150 MF1      ON PRINTER2        30 LINES
09:46:08 13.46.08 STC   27  $HASP250 TP       IS PURGED
09:46:08 13.46.08 STC   44  IST025I  BLDL FAILED FOR IEDIAE   IN VTAMLIB
09:46:08 13.46.08 STC   42  $HASP150 BSPSETPF ON PRINTER2        32 LINES
09:46:08 13.46.08 STC   28  $HASP250 MF1      IS PURGED
09:46:08 13.46.08 STC   44  IST025I  BLDL FAILED FOR IEDIAE   IN VTAMLIB
09:46:08 13.46.08 STC   44  IST025I  BLDL FAILED FOR IEDIAE   IN VTAMLIB
09:46:08 13.46.08 STC   43  $HASP150 DYNAMASK ON PRINTER2        28 LINES
09:46:08 13.46.08 STC   42  $HASP250 BSPSETPF IS PURGED
09:46:08 13.46.08 STC   17  $HASP150 BSPPILOT ON PRINTER2       146 LINES
09:46:08 13.46.08 STC   43  $HASP250 DYNAMASK IS PURGED
09:46:08 13.46.08 STC   44  IST025I  BLDL FAILED FOR IEDIAK   IN VTAMLIB
09:46:08 13.46.08 STC   44  IST025I  BLDL FAILED FOR IEDIAK   IN VTAMLIB
09:46:08 13.46.08           IEF236I ALLOC. FOR JES2 JES2
09:46:08 13.46.08           IEF237I 002  ALLOCATED TO PRINTER3
09:46:08 13.46.08 STC   17  $HASP250 BSPPILOT IS PURGED
09:46:08 13.46.08 STC   26  $HASP150 NET      ON PRINTER2       158 LINES
09:46:08 13.46.08           $HASP160 PRINTER2 INACTIVE - CLASS=Z
09:46:08 13.46.08 STC   26  $HASP250 NET      IS PURGED
09:46:08 13.46.08           $HASP160 PRINTER3 INACTIVE - CLASS=X
09:46:08 13.46.08 STC   44  IST110I  NETWORK SOLICITOR STARTED
09:46:08 13.46.08 STC   44  IST197I  SAVED CONFIGURATION ATSO     READ FROM VTAMOBJ
09:46:08 13.46.08 STC   44  IST093I  ATSO     ACTIVE
09:46:08 13.46.08 STC   44  IST197I  SAVED CONFIGURATION ASNASOL  READ FROM VTAMOBJ
09:46:08 13.46.08 STC   44  IST093I  ASNASOL  ACTIVE
09:46:08 13.46.08 STC   44  IST197I  SAVED CONFIGURATION AJRP     READ FROM VTAMOBJ
09:46:08 13.46.08 STC   44  IST093I  AJRP     ACTIVE
09:46:08 13.46.08 STC   44  IST197I  SAVED CONFIGURATION L3274    READ FROM VTAMOBJ
09:46:08 13.46.08 STC   44  IST093I  L3274    ACTIVE
09:46:08 13.46.08 STC   44  IST197I  SAVED CONFIGURATION L3791    READ FROM VTAMOBJ
09:46:08 13.46.08 STC   44  IST093I  L3791    ACTIVE
09:46:08 13.46.08 STC   44  IST197I  SAVED CONFIGURATION S3705    READ FROM VTAMOBJ
09:46:08 13.46.08 STC   44  IST197I  SAVED CONFIGURATION N07      READ FROM VTAMOBJ
09:46:08 13.46.08 STC   44  IST093I  S3705    ACTIVE
09:46:08 13.46.08 STC   44  IST197I  SAVED CONFIGURATION N08      READ FROM VTAMOBJ
09:46:08 13.46.08 STC   44  IST197I  SAVED CONFIGURATION N10      READ FROM VTAMOBJ
09:46:08 13.46.08 STC   44  IST197I  SAVED CONFIGURATION N11      READ FROM VTAMOBJ
09:46:08 13.46.08 STC   44  IST197I  SAVED CONFIGURATION N12      READ FROM VTAMOBJ
09:46:08 13.46.08 STC   44  IST197I  SAVED CONFIGURATION N13      READ FROM VTAMOBJ
09:46:08 13.46.08 STC   44  IST197I  SAVED CONFIGURATION N14      READ FROM VTAMOBJ
09:46:08 13.46.08 STC   44  IST197I  SAVED CONFIGURATION N15      READ FROM VTAMOBJ
09:46:08 13.46.08 STC   47  $HASP100 TSO      ON STCINRDR
09:46:08 13.46.08 STC   47  $HASP373 TSO      STARTED
09:46:08 13.46.08 STC   47  IEF403I TSO - STARTED - TIME=13.46.08
09:46:08 13.46.08 STC   44  IST020I  VTAM INITIALIZATION COMPLETE
09:46:08 13.46.08 STC   44  IEA000I 0C0,IOE,05,0200,400000000001,,,NET     ,13.46.08
09:46:08 13.46.08 STC   44  IEA000I 0C1,IOE,05,0200,400000000001,,,NET     ,13.46.08
09:46:08 13.46.08 STC   44  IEA000I 0C2,IOE,05,0200,400000000001,,,NET     ,13.46.08
09:46:08 13.46.08 STC   44  IEA000I 0C3,IOE,05,0200,400000000001,,,NET     ,13.46.08
09:46:08 13.46.08 STC   44  IEA000I 0C4,IOE,05,0200,400000000001,,,NET     ,13.46.08
09:46:08 13.46.08 STC   44  IEA000I 0C5,IOE,05,0200,400000000001,,,NET     ,13.46.08
09:46:08 13.46.08 STC   44  IEA000I 0C6,IOE,05,0200,400000000001,,,NET     ,13.46.08
09:46:08 13.46.08 STC   44  IFL003I  IFLOADRN COMPLETED
09:46:08 13.46.08 STC   44  IST270I  370X N07      NOW LOADED WITH LOADMOD N07
09:46:08 13.46.08 STC   47  IKT007I TCAS ACCEPTING LOGONS
09:46:08 13.46.08 STC   47  IKT005I TCAS IS INITIALIZED
09:46:10 13.46.10 STC   45  IKJ019I TIME SHARING IS INITIALIZED
09:46:12 13.46.12 STC   48  $HASP100 SNASOL   ON STCINRDR
09:46:12 13.46.12 STC   48  $HASP373 SNASOL   STARTED
09:46:12 13.46.12 STC   48  IEF403I SNASOL - STARTED - TIME=13.46.12
09:46:12 13.46.12 STC   49  $HASP100 JRP      ON STCINRDR
09:46:12 13.46.12 STC   49  $HASP373 JRP      STARTED
09:46:12 13.46.12 STC   49  IEF403I JRP - STARTED - TIME=13.46.12
09:46:12 13.46.12 STC   48  +SNASOL - APPLICATION SNASOL   IS UP
09:46:12 13.46.12 STC   49  JRPI101 INITIALIZATION COMPLETE
09:46:12 13.46.12 STC   49  JRP904I - JRP WAITING FOR COMMAND.
09:46:13 13.46.13 STC   44  IFL003I  IFLOADRN COMPLETED
09:46:13 13.46.13 STC   44  IST270I  370X N10      NOW LOADED WITH LOADMOD N10
09:46:13 13.46.13 STC   44  IST093I  N07      ACTIVE
09:46:13 13.46.13 STC   44  IST093I  N07P3    ACTIVE
09:46:14 13.46.13 STC   44  IST093I  N08      ACTIVE
09:46:18 13.46.18 STC   44  IFL003I  IFLOADRN COMPLETED
09:46:18 13.46.18 STC   44  IST270I  370X N12      NOW LOADED WITH LOADMOD N12
09:46:18 13.46.18 STC   44  IST093I  N10      ACTIVE
09:46:18 13.46.18 STC   44  IST093I  N10P3    ACTIVE
09:46:19 13.46.18 STC   44  IST093I  N11      ACTIVE
09:46:23 13.46.23 STC   44  IFL003I  IFLOADRN COMPLETED
09:46:23 13.46.23 STC   44  IST270I  370X N14      NOW LOADED WITH LOADMOD N14
09:46:23 13.46.23 STC   44  IST093I  N12      ACTIVE
09:46:23 13.46.23 STC   44  IST093I  N12P3    ACTIVE
09:46:24 13.46.23 STC   44  IST093I  N13      ACTIVE
09:46:28 13.46.28 STC   44  IST093I  N14      ACTIVE
09:46:28 13.46.28 STC   44  IST093I  N14P3    ACTIVE
09:46:29 13.46.28 STC   44  IST093I  N15      ACTIVE
09:46:32 13.46.32 STC   44  IST097I  VARY     ACCEPTED
09:46:32 13.46.32 STC   44  IST093I  T3767S11 ACTIVE
09:46:32 13.46.32 STC   44  IST097I  VARY     ACCEPTED
09:46:32 13.46.32 STC   44  IST093I  T3767S21 ACTIVE
09:46:32 13.46.32 STC   44  IST097I  VARY     ACCEPTED
09:46:32 13.46.32 STC   44  IST093I  T3767S31 ACTIVE
09:46:32 13.46.32 STC   44  IST097I  VARY     ACCEPTED
09:46:32 13.46.32 STC   44  IST093I  T3767S41 ACTIVE
09:46:32 13.46.32 STC   44  IST097I  VARY     ACCEPTED
09:46:32 13.46.32 STC   44  IST093I  T3278S11 ACTIVE
09:46:32 13.46.32 STC   44  IST097I  VARY     ACCEPTED
09:46:32 13.46.32 STC   44  IST093I  T3278S21 ACTIVE
09:46:32 13.46.32 STC   44  IST097I  VARY     ACCEPTED
09:46:32 13.46.32 STC   44  IST093I  T3278S31 ACTIVE
09:46:32 13.46.32 STC   44  IST097I  VARY     ACCEPTED
09:46:32 13.46.32 STC   44  IST093I  T3278S41 ACTIVE
09:46:32 13.46.32 STC   44  IST097I  VARY     ACCEPTED
09:46:32 13.46.32 STC   44  IST097I  VARY     ACCEPTED
09:46:32 13.46.32 STC   44  IST097I  VARY     ACCEPTED
09:46:32 13.46.32 STC   44  IST093I  T3278L11 ACTIVE
09:46:32 13.46.32 STC   44  IST097I  VARY     ACCEPTED
09:46:32 13.46.32 STC   44  IST093I  T3767L41 ACTIVE
09:46:32 13.46.32 STC   44  IST093I  T3278L21 ACTIVE
09:46:32 13.46.32 STC   44  IST093I  T3767L31 ACTIVE
09:46:37 13.46.37 STC   45  IED160I 3705 T07      LOAD=T07
09:46:40 13.46.40 STC   45  IED160I 3705 T10      LOAD=T10
09:46:43 13.46.43 STC   45  IED160I 3705 T12      LOAD=T12
09:46:46 13.46.46 STC   45  IED160I 3705 T14      LOAD=T14
09:46:50 13.46.50 STC   45  IED382I T07      ACTIVATE COMPLETE
09:46:53 13.46.53 STC   45  IED382I T10      ACTIVATE COMPLETE
09:46:56 13.46.56 STC   45  IED382I T12      ACTIVATE COMPLETE
09:46:59 13.46.59 STC   45  IED382I T14      ACTIVATE COMPLETE
09:47:00 13.47.00 STC   50  $HASP100 INISDSTD ON STCINRDR
09:47:00 13.47.00           MVS038J MVS 3.8j TK4- system initialization complete CN=00
09:47:00 HHC00081I Match at index 00, executing command script scripts/tk4-.rc
09:47:00 HHC01603I script scripts/tk4-.rc
09:47:00 HHC02260I Script 4: begin processing file scripts/tk4-.rc
09:47:00 13.47.00 STC   50  $HASP373 INISDSTD STARTED
09:47:00 13.47.00 STC   50  IEF403I INISDSTD - STARTED - TIME=13.47.00
09:47:00 13.47.00 STC   35  +BSPRS99I - End of processing, MAXRC=0000
09:47:00 13.47.00 STC   50  IEF404I INISDSTD - ENDED - TIME=13.47.00
09:47:00 13.47.00 STC   50  $HASP395 INISDSTD ENDED
09:47:00 13.47.00 STC   50  $HASP150 INISDSTD ON PRINTER2        21 LINES
09:47:00 13.47.00           $HASP160 PRINTER2 INACTIVE - CLASS=Z
09:47:00 13.47.00 STC   50  $HASP250 INISDSTD IS PURGED
09:47:01 HHC01603I script scripts/tk4-_updates.rc
09:47:01 HHC02260I Script 4: begin processing file scripts/tk4-_updates.rc
09:47:01 HHC01603I script scripts/tk4-_updates/01
09:47:01 HHC02260I Script 4: begin processing file scripts/tk4-_updates/01
09:47:01 HHC02264I Script 4: file scripts/tk4-_updates/01 processing ended
09:47:01 HHC01603I script scripts/tk4-_updates/02
09:47:01 HHC02260I Script 4: begin processing file scripts/tk4-_updates/02
09:47:01 HHC02264I Script 4: file scripts/tk4-_updates/02 processing ended
09:47:01 HHC01603I script scripts/tk4-_updates/03
09:47:01 HHC02260I Script 4: begin processing file scripts/tk4-_updates/03
09:47:01 HHC02264I Script 4: file scripts/tk4-_updates/03 processing ended
09:47:01 HHC01603I script scripts/tk4-_updates/04
09:47:01 HHC02260I Script 4: begin processing file scripts/tk4-_updates/04
09:47:01 HHC02264I Script 4: file scripts/tk4-_updates/04 processing ended
09:47:01 HHC01603I script scripts/tk4-_updates/05
09:47:01 HHC02260I Script 4: begin processing file scripts/tk4-_updates/05
09:47:01 HHC02264I Script 4: file scripts/tk4-_updates/05 processing ended
09:47:01 HHC01603I script scripts/tk4-_updates/06
09:47:01 HHC02260I Script 4: begin processing file scripts/tk4-_updates/06
09:47:01 HHC02264I Script 4: file scripts/tk4-_updates/06 processing ended
09:47:01 HHC01603I script scripts/tk4-_updates/07
09:47:01 HHC02260I Script 4: begin processing file scripts/tk4-_updates/07
09:47:01 HHC02264I Script 4: file scripts/tk4-_updates/07 processing ended
09:47:01 HHC01603I script scripts/tk4-_updates/08
09:47:01 HHC02260I Script 4: begin processing file scripts/tk4-_updates/08
09:47:01 HHC02264I Script 4: file scripts/tk4-_updates/08 processing ended
09:47:01 HHC01603I script scripts/tk4-_updates/09
09:47:01 HHC02260I Script 4: begin processing file scripts/tk4-_updates/09
09:47:01 HHC02264I Script 4: file scripts/tk4-_updates/09 processing ended
09:47:01 HHC01603I script scripts/tk4-_updates/10
09:47:01 HHC02260I Script 4: begin processing file scripts/tk4-_updates/10
09:47:01 HHC02264I Script 4: file scripts/tk4-_updates/10 processing ended
09:47:01 HHC02264I Script 4: file scripts/tk4-_updates.rc processing ended
09:47:01 HHC01603I ${LOCALRC:=script scripts/local.rc}
09:47:01 HHC02260I Script 4: begin processing file scripts/local.rc
09:47:01 HHC01603I script local_scripts/01
09:47:01 HHC02260I Script 4: begin processing file local_scripts/01
09:47:01 HHC02264I Script 4: file local_scripts/01 processing ended
09:47:01 HHC01603I script local_scripts/02
09:47:01 HHC02260I Script 4: begin processing file local_scripts/02
09:47:01 HHC02264I Script 4: file local_scripts/02 processing ended
09:47:01 HHC01603I script local_scripts/03
09:47:01 HHC02260I Script 4: begin processing file local_scripts/03
09:47:01 HHC02264I Script 4: file local_scripts/03 processing ended
09:47:01 HHC01603I script local_scripts/04
09:47:01 HHC02260I Script 4: begin processing file local_scripts/04
09:47:01 HHC02264I Script 4: file local_scripts/04 processing ended
09:47:01 HHC01603I script local_scripts/05
09:47:01 HHC02260I Script 4: begin processing file local_scripts/05
09:47:01 HHC02264I Script 4: file local_scripts/05 processing ended
09:47:01 HHC01603I script local_scripts/06
09:47:01 HHC02260I Script 4: begin processing file local_scripts/06
09:47:01 HHC02264I Script 4: file local_scripts/06 processing ended
09:47:01 HHC01603I script local_scripts/07
09:47:01 HHC02260I Script 4: begin processing file local_scripts/07
09:47:01 HHC02264I Script 4: file local_scripts/07 processing ended
09:47:01 HHC01603I script local_scripts/08
09:47:01 HHC02260I Script 4: begin processing file local_scripts/08
09:47:01 HHC02264I Script 4: file local_scripts/08 processing ended
09:47:01 HHC01603I script local_scripts/09
09:47:01 HHC02260I Script 4: begin processing file local_scripts/09
09:47:01 HHC02264I Script 4: file local_scripts/09 processing ended
09:47:01 HHC01603I script local_scripts/10
09:47:01 HHC02260I Script 4: begin processing file local_scripts/10
09:47:01 HHC02264I Script 4: file local_scripts/10 processing ended
09:47:01 HHC02264I Script 4: file scripts/local.rc processing ended
09:47:02 HHC01603I *
09:47:02 HHC01603I *                           ************   ****  *****          ||
09:47:02 HHC01603I *                           **   **   **    **    **           |||
09:47:02 HHC01603I *                           **   **   **    **   **           ||||
09:47:02 HHC01603I *                                **         **  **           || ||
09:47:02 HHC01603I *        |l      _,,,---,,_      **         ** **           ||  ||
09:47:02 HHC01603I * ZZZzz /,'.-'`'    -.  ;-;;,    **         ****           ||   ||
09:47:02 HHC01603I *      |,4-  ) )-,_. ,( (  ''-'  **         *****         ||    ||
09:47:02 HHC01603I *     '---''(_/--'  `-')_)       **         **  **       ||     ||    ||||||||||
09:47:02 HHC01603I *                                **         **   **      |||||||||||  Update 08
09:47:02 HHC01603I *       The MVS 3.8j             **         **    **            ||
09:47:02 HHC01603I *     Tur(n)key System           **         **     **           ||
09:47:02 HHC01603I *                              ******      ****     ***       ||||||
09:47:02 HHC01603I *
09:47:02 HHC01603I *            TK3 created by Volker Bandke       vbandke@bsp-gmbh.com
09:47:02 HHC01603I *            TK4- update by Juergen Winkelmann  winkelmann@id.ethz.ch
09:47:02 HHC01603I *                     see TK4-.CREDITS for complete credits
09:47:02 HHC01603I *
09:47:02 HHC02264I Script 4: file scripts/tk4-.rc processing ended
09:47:46 HHC01018I 0:00C0 COMM: client 127.0.0.1 devtype 3270: connected
09:47:53 13.47.52           LGN001I TSO logon in progress at VTAM terminal CUU0C0
09:48:02 13.48.01 TSU    4  $HASP100 HERC01   ON TSOINRDR
09:48:02 13.48.01 TSU    4  $HASP373 HERC01   STARTED
09:48:02 13.48.01 TSU    4  IEF125I HERC01 - LOGGED ON - TIME=13.48.01
10:01:08 14.01.08 STC   46  $HASP150 MF1      ON PRINTER1       208 LINES
10:01:08 14.01.08 STC   46  IRB101I MF/1 REPORT AVAILABLE FOR PRINTING
10:01:08 14.01.08           $HASP160 PRINTER1 INACTIVE - CLASS=A
10:16:08 14.16.08 STC   46  $HASP150 MF1      ON PRINTER1       205 LINES
10:16:08 14.16.08           $HASP160 PRINTER1 INACTIVE - CLASS=A
10:16:08 14.16.08 STC   46  IRB101I MF/1 REPORT AVAILABLE FOR PRINTING
10:31:08 14.31.08 STC   46  $HASP150 MF1      ON PRINTER1       205 LINES
10:31:08 14.31.08           $HASP160 PRINTER1 INACTIVE - CLASS=A
10:31:08 14.31.08 STC   46  IRB101I MF/1 REPORT AVAILABLE FOR PRINTING
10:46:08 14.46.08 STC   46  $HASP150 MF1      ON PRINTER1       205 LINES
10:46:08 14.46.08           $HASP160 PRINTER1 INACTIVE - CLASS=A
10:46:08 14.46.08 STC   46  IRB101I MF/1 REPORT AVAILABLE FOR PRINTING
10:46:09 14.46.08           $HASP000 OK
10:48:20 14.48.20 TSU    4  IEF450I HERC01 IKJACCNT TSOLOGON - ABEND S522 U0000 - TIME=14.48.20
10:48:20 14.48.20 TSU    4  IEF126I HERC01 - LOGGED OFF - TIME=14.48.20
10:48:20 14.48.20 TSU    4  $HASP395 HERC01   ENDED
10:48:20 14.48.20 TSU    4  $HASP150 HERC01   ON PRINTER2        60 LINES
10:48:20 14.48.20           $HASP160 PRINTER2 INACTIVE - CLASS=Z
10:48:20 14.48.20 TSU    4  $HASP250 HERC01   IS PURGED
11:01:08 15.01.08 STC   46  $HASP150 MF1      ON PRINTER1       208 LINES
11:01:08 15.01.08           $HASP160 PRINTER1 INACTIVE - CLASS=A
11:01:08 15.01.08 STC   46  IRB101I MF/1 REPORT AVAILABLE FOR PRINTING
11:16:08 15.16.08 STC   46  $HASP150 MF1      ON PRINTER1       205 LINES
11:16:08 15.16.08           $HASP160 PRINTER1 INACTIVE - CLASS=A
11:16:08 15.16.08 STC   46  IRB101I MF/1 REPORT AVAILABLE FOR PRINTING
11:31:08 15.31.08 STC   46  $HASP150 MF1      ON PRINTER1       205 LINES
11:31:08 15.31.08           $HASP160 PRINTER1 INACTIVE - CLASS=A
11:31:08 15.31.08 STC   46  IRB101I MF/1 REPORT AVAILABLE FOR PRINTING
11:46:08 15.46.08 STC   46  $HASP150 MF1      ON PRINTER1       205 LINES
11:46:08 15.46.08           $HASP160 PRINTER1 INACTIVE - CLASS=A
11:46:08 15.46.08 STC   46  IRB101I MF/1 REPORT AVAILABLE FOR PRINTING
11:46:08 15.46.08           $HASP000 OK
12:01:08 16.01.08 STC   46  $HASP150 MF1      ON PRINTER1       205 LINES
12:01:08 16.01.08           $HASP160 PRINTER1 INACTIVE - CLASS=A
12:01:08 16.01.08 STC   46  IRB101I MF/1 REPORT AVAILABLE FOR PRINTING
12:16:08 16.16.08 STC   46  $HASP150 MF1      ON PRINTER1       205 LINES
12:16:08 16.16.08           $HASP160 PRINTER1 INACTIVE - CLASS=A
12:16:08 16.16.08 STC   46  IRB101I MF/1 REPORT AVAILABLE FOR PRINTING
12:31:08 16.31.08 STC   46  $HASP150 MF1      ON PRINTER1       205 LINES
12:31:08 16.31.08           $HASP160 PRINTER1 INACTIVE - CLASS=A
12:31:08 16.31.08 STC   46  IRB101I MF/1 REPORT AVAILABLE FOR PRINTING
12:42:36 HHC01022I 0:00C0 COMM: client 127.0.0.1 devtype 3270: connection closed by client
12:42:38 HHC01018I 0:00C0 COMM: client 127.0.0.1 devtype 3270: connected
12:42:41 16.42.41           LGN001I TSO logon in progress at VTAM terminal CUU0C0
12:42:55 HHC01022I 0:00C0 COMM: client 127.0.0.1 devtype 3270: connection closed by client
12:44:34 HHC01018I 0:00C0 COMM: client 127.0.0.1 devtype 3270: connected
12:44:34 16.44.33           IKT108I          RECEIVE ERROR,RPLRTNCD=04,RPLFDB2=03,SENSE=00000200,WAITING FOR RECONNECT CUU0C0
12:45:05 16.45.05           LGN001I TSO logon in progress at VTAM terminal CUU0C0
12:46:00 16.46.00 TSU    5  $HASP100 HERC01   ON TSOINRDR
12:46:01 16.46.00 TSU    5  $HASP373 HERC01   STARTED
12:46:01 16.46.00 TSU    5  IEF125I HERC01 - LOGGED ON - TIME=16.46.00
12:46:08 16.46.08 STC   46  $HASP150 MF1      ON PRINTER1       208 LINES
12:46:08 16.46.08           $HASP160 PRINTER1 INACTIVE - CLASS=A
12:46:08 16.46.08 STC   46  IRB101I MF/1 REPORT AVAILABLE FOR PRINTING
12:46:09 16.46.09           $HASP000 OK
12:46:16 16.46.15 JOB    2  $HASP100 SHUTDOWN ON INTRDR      Shutdown TK4-
12:46:16 16.46.15 JOB    2  $HASP373 SHUTDOWN STARTED - INIT  1 - CLASS A - SYS TK4-
12:46:16 16.46.15 JOB    2  IEF403I SHUTDOWN - STARTED - TIME=16.46.15
12:46:16 HHC01950I Panel command script scripts/shutdown                                                                              issued by guest started
12:46:16 HHC01603I script scripts/shutdown                                                                             
12:46:16 HHC01950I Panel command script scripts/shutdown                                                                              issued by guest completed
12:46:16 HHC02260I Script 5: begin processing file scripts/shutdown
12:46:16 HHC01603I hao tgt HASP099
12:46:16 HHC00077I The target was placed at index 4
12:46:16 HHC01603I hao cmd script scripts/pjes2
12:46:16 HHC00077I The command was placed at index 4
12:46:16 HHC01603I hao tgt HASP085
12:46:16 HHC00077I The target was placed at index 5
12:46:16 HHC01603I hao cmd script scripts/z_eod
12:46:16 HHC00077I The command was placed at index 5
12:46:16 HHC01603I hao tgt IEE334I
12:46:16 HHC00077I The target was placed at index 6
12:46:16 HHC01603I hao cmd script scripts/quiesce
12:46:16 HHC00077I The command was placed at index 6
12:46:16 HHC01603I script scripts/shutdown_${NUMCPU:=1}${TK4CRLF:=ix}
12:46:16 HHC02260I Script 5: begin processing file scripts/shutdown_1CRLF
12:46:16 HHC01603I hao tgt HHC00809I
12:46:16 HHC00077I The target was placed at index 7
12:46:16 HHC01603I hao cmd script scripts/poweroff
12:46:16 HHC00077I The command was placed at index 7
12:46:16 HHC02264I Script 5: file scripts/shutdown_1CRLF processing ended
12:46:16 HHC01603I ******************************************************
12:46:16 HHC01603I *** Shutdown sequence initiated, please logoff now ***
12:46:16 HHC01603I ******************************************************
12:46:16 HHC01603I * pausing for 30 seconds, please stand by.
12:46:16 16.46.16 JOB    2  IEF404I SHUTDOWN - ENDED - TIME=16.46.16
12:46:16 16.46.16 JOB    2  $HASP395 SHUTDOWN ENDED
12:46:16 16.46.16           $HASP309    INIT  1 INACTIVE ******** C=A
12:46:16 16.46.16 JOB    2  $HASP150 SHUTDOWN ON PRINTER1        40 LINES
12:46:16 16.46.16           $HASP160 PRINTER1 INACTIVE - CLASS=A
12:46:16 16.46.16 JOB    2  $HASP250 SHUTDOWN IS PURGED
12:46:46 HHC00008I /f bsppilot,shutnow
12:46:46 HHC02264I Script 5: file scripts/shutdown processing ended
12:46:46 16.46.46 STC   35 @BSPPILOT - Immediate Shutdown was requested
12:46:46 16.46.46 STC   35  +BSPPILOT - Running script SHUTNOW
12:46:46 16.46.46 STC   35  +BSPRS22I - Dataset processed: SYS1.PARMLIB
12:46:46 16.46.46 STC   35  +BSPRS23I - on volume MVSRES
12:46:46 16.46.46 STC   35  +BSPRS08I - PARM NOREPLYU
12:46:46 16.46.46 STC   35  +BSPRS08I - PARM NOECHO
12:46:47 16.46.47 STC   36  IEF404I INIT - ENDED - TIME=16.46.47
12:46:47 16.46.47 STC   36  $HASP395 INIT     ENDED
12:46:47 16.46.47 STC   36  $HASP150 INIT     ON PRINTER2         7 LINES
12:46:47 16.46.47           $HASP160 PRINTER2 INACTIVE - CLASS=Z
12:46:47 16.46.47 STC   36  $HASP250 INIT     IS PURGED
12:46:47 16.46.47 STC   37  IEF404I INIT - ENDED - TIME=16.46.47
12:46:47 16.46.47 STC   37  $HASP395 INIT     ENDED
12:46:47 16.46.47 STC   37  $HASP150 INIT     ON PRINTER2         7 LINES
12:46:47 16.46.47           $HASP160 PRINTER2 INACTIVE - CLASS=Z
12:46:47 16.46.47 STC   37  $HASP250 INIT     IS PURGED
12:46:47 16.46.47 STC   38  IEF404I INIT - ENDED - TIME=16.46.47
12:46:47 16.46.47 STC   38  $HASP395 INIT     ENDED
12:46:47 16.46.47 STC   38  $HASP150 INIT     ON PRINTER2         7 LINES
12:46:47 16.46.47           $HASP160 PRINTER2 INACTIVE - CLASS=Z
12:46:47 16.46.47 STC   38  $HASP250 INIT     IS PURGED
12:46:47 16.46.47 STC   39  IEF404I INIT - ENDED - TIME=16.46.47
12:46:47 16.46.47 STC   39  $HASP395 INIT     ENDED
12:46:47 16.46.47 STC   39  $HASP150 INIT     ON PRINTER2         7 LINES
12:46:47 16.46.47           $HASP160 PRINTER2 INACTIVE - CLASS=Z
12:46:47 16.46.47 STC   39  $HASP250 INIT     IS PURGED
12:46:47 16.46.47 STC   40  IEF404I INIT - ENDED - TIME=16.46.47
12:46:47 16.46.47 STC   40  $HASP395 INIT     ENDED
12:46:47 16.46.47 STC   40  $HASP150 INIT     ON PRINTER2         7 LINES
12:46:47 16.46.47           $HASP160 PRINTER2 INACTIVE - CLASS=Z
12:46:47 16.46.47 STC   40  $HASP250 INIT     IS PURGED
12:46:47 16.46.47 STC   41  IEF404I INIT - ENDED - TIME=16.46.47
12:46:47 16.46.47 STC   41  $HASP395 INIT     ENDED
12:46:47 16.46.47 STC   35  +BSPRS08I - Immediate Shutdown Requested!
12:46:47 16.46.47 STC   41  $HASP150 INIT     ON PRINTER2         7 LINES
12:46:47 16.46.47           $HASP160 PRINTER2 INACTIVE - CLASS=Z
12:46:47 16.46.47 STC   41  $HASP250 INIT     IS PURGED
12:46:47 16.46.47 STC   35  +BSPRS08I - Going .....
12:46:47 16.46.47 STC   47  IKT008I TCAS NOT ACCEPTING LOGONS
12:46:57 16.46.57 STC   35  +BSPRS08I -       ..... Going .....
12:46:57 16.46.57 STC   35  +BSPRS08I -                   ..... Going .....
12:47:02 16.47.02 STC   45  IKJ405I TIME SHARING ENDED
12:47:02 16.47.02 STC   47 *00 IKT010D 00001 USERS ACTIVE, REPLY 'SIC' OR 'FSTOP'
12:47:04 16.47.04 STC   35  IEE600I REPLY TO 00 IS;'SIC'
12:47:04 16.47.04 STC   47 *01 IKT012D TCAS TERMINATION IN PROGRESS - SPECIFY 'U' OR 'DUMP'
12:47:04 16.47.04 TSU    5  IEF450I HERC01 IKJACCNT TSOLOGON - ABEND S622 U0000 - TIME=16.47.04
12:47:04 16.47.04 TSU    5  IEF126I HERC01 - LOGGED OFF - TIME=16.47.04
12:47:04 16.47.04 TSU    5  $HASP395 HERC01   ENDED
12:47:04 16.47.04 TSU    5  $HASP150 HERC01   ON PRINTER2        72 LINES
12:47:04 16.47.04           $HASP160 PRINTER2 INACTIVE - CLASS=Z
12:47:04 16.47.04 TSU    5  $HASP250 HERC01   IS PURGED
12:47:06 16.47.06 STC   35  IEE600I REPLY TO 01 IS;'U'
12:47:06 16.47.06 STC   47  IKT006I  TCAS ENDED
12:47:06 16.47.06 STC   47  IEF404I TSO - ENDED - TIME=16.47.06
12:47:06 16.47.06 STC   47  $HASP395 TSO      ENDED
12:47:06 16.47.06 STC   47  $HASP150 TSO      ON PRINTER1        21 LINES
12:47:06 16.47.06 STC   47  $HASP150 TSO      ON PRINTER2        33 LINES
12:47:06 16.47.06           $HASP160 PRINTER1 INACTIVE - CLASS=A
12:47:06 16.47.06           $HASP160 PRINTER2 INACTIVE - CLASS=Z
12:47:06 16.47.06 STC   47  $HASP250 TSO      IS PURGED
12:47:07 16.47.07 STC   48  +SNASOL - APPLICATION IS SHUTTING DOWN
12:47:08 16.47.07 STC   48  +SNASOL - LOGGED OFF T3278L11 FOR SHUTDOWN
12:47:08 16.47.07 STC   48  +SNASOL - LOGGED OFF T3767L41 FOR SHUTDOWN
12:47:08 16.47.07 STC   48  +SNASOL - LOGGED OFF T3278L21 FOR SHUTDOWN
12:47:08 16.47.07 STC   48  +SNASOL - LOGGED OFF T3767L31 FOR SHUTDOWN
12:47:08 16.47.08 STC   48  +SNASOL - APPLICATION COMPLETE - RPL STATS: COUNT=007,   REQUESTS=010
12:47:08 16.47.08 STC   49  JRPI102 JRP SHUTTING DOWN             
12:47:08 16.47.08 STC   48  IEF404I SNASOL - ENDED - TIME=16.47.08
12:47:08 16.47.08 STC   48  $HASP395 SNASOL   ENDED
12:47:08 16.47.08 STC   48  $HASP150 SNASOL   ON PRINTER2        27 LINES
12:47:08 16.47.08           $HASP160 PRINTER2 INACTIVE - CLASS=Z
12:47:08 16.47.08 STC   48  $HASP250 SNASOL   IS PURGED
12:47:11 16.47.11 STC   45  IED401I T10          HAS BEEN DEACTIVATED
12:47:11 16.47.11 STC   45  IED401I T12          HAS BEEN DEACTIVATED
12:47:11 16.47.11 STC   45  IED401I T07          HAS BEEN DEACTIVATED
12:47:12 16.47.11 STC   45  IED401I T14          HAS BEEN DEACTIVATED
12:47:12 16.47.12 STC   44  IST097I  HALT     ACCEPTED
12:47:12 16.47.12 STC   44  IST133I  VTAM TERMINATION IN PROGRESS
12:47:12 16.47.12          *IEE362A SMF ENTER DUMP FOR SYS1.MANY ON MVSRES
12:47:12 16.47.12           IEE360I SMF NOW RECORDING ON SYS1.MANX ON MVSRES TIME=16.47.12
12:47:12 16.47.12 STC   51  $HASP100 SMFDAILY ON STCINRDR
12:47:12 16.47.12 STC   51  $HASP373 SMFDAILY STARTED
12:47:12 16.47.12 STC   51  IEF403I SMFDAILY - STARTED - TIME=16.47.12
12:47:12 16.47.12 STC   44  IST109I  NETWORK SOLICITOR IS NOW TERMINATED
12:47:12 16.47.12 STC   44  IST141I  NODE L3274    NOW DORMANT
12:47:12 16.47.12 STC   44  IST105I  S3705    NODE NOW INACTIVE
12:47:12 16.47.12 STC   44  IST617I  DEACTIVATE IN PROGRESS FOR N07P3
12:47:12 16.47.12 STC   44  IST617I  DEACTIVATE IN PROGRESS FOR N08
12:47:12 16.47.12 STC   44  IST617I  DEACTIVATE IN PROGRESS FOR N10P3
12:47:12 16.47.12 STC   44  IST617I  DEACTIVATE IN PROGRESS FOR N11
12:47:12 16.47.12 STC   44  IST617I  DEACTIVATE IN PROGRESS FOR N12P3
12:47:12 16.47.12 STC   44  IST617I  DEACTIVATE IN PROGRESS FOR N13
12:47:12 16.47.12 STC   44  IST617I  DEACTIVATE IN PROGRESS FOR N14P3
12:47:12 16.47.12 STC   44  IST617I  DEACTIVATE IN PROGRESS FOR N15
12:47:12 16.47.12 STC   44  IST105I  L3274    NODE NOW INACTIVE
12:47:12 16.47.12 STC   44  IST141I  NODE P3767L3  NOW DORMANT
12:47:12 16.47.12 STC   44  IST105I  P3767L3  NODE NOW INACTIVE
12:47:12 16.47.12 STC   44  IST141I  NODE P3767L4  NOW DORMANT
12:47:12 16.47.12 STC   44  IST105I  P3767L4  NODE NOW INACTIVE
12:47:12 16.47.12 STC   44  IST141I  NODE P3278L2  NOW DORMANT
12:47:12 16.47.12 STC   44  IST105I  P3278L2  NODE NOW INACTIVE
12:47:12 16.47.12 STC   44  IST141I  NODE P3278L1  NOW DORMANT
12:47:12 16.47.12 STC   44  IST105I  P3278L1  NODE NOW INACTIVE
12:47:12 16.47.12 STC   44  IST105I  L3791    NODE NOW INACTIVE
12:47:12 16.47.12 STC   44  IST141I  NODE N07P3    NOW DORMANT
12:47:12 16.47.12 STC   44  IST105I  N07P3    NODE NOW INACTIVE
12:47:12 16.47.12 STC   44  IST141I  NODE N12P3    NOW DORMANT
12:47:12 16.47.12 STC   44  IST105I  N12P3    NODE NOW INACTIVE
12:47:12 16.47.12 STC   44  IST141I  NODE N14P3    NOW DORMANT
12:47:12 16.47.12 STC   44  IST141I  NODE N10P3    NOW DORMANT
12:47:12 16.47.12 STC   51  IEF404I SMFDAILY - ENDED - TIME=16.47.12
12:47:12 16.47.12 STC   51  $HASP395 SMFDAILY ENDED
12:47:12 16.47.12 STC   51  $HASP150 SMFDAILY ON PRINTER2        36 LINES
12:47:12 16.47.12           $HASP160 PRINTER2 INACTIVE - CLASS=Z
12:47:12 16.47.12 STC   51  $HASP250 SMFDAILY IS PURGED
12:47:12 16.47.12 STC   44  IST105I  N14P3    NODE NOW INACTIVE
12:47:12 16.47.12 STC   44  IST105I  N10P3    NODE NOW INACTIVE
12:47:13 16.47.12 STC   44  IST141I  NODE N11      NOW DORMANT
12:47:13 16.47.12 STC   44  IST105I  N11      NODE NOW INACTIVE
12:47:13 16.47.12 STC   44  IST141I  NODE N13      NOW DORMANT
12:47:13 16.47.12 STC   44  IST105I  N13      NODE NOW INACTIVE
12:47:13 16.47.12 STC   44  IST141I  NODE N08      NOW DORMANT
12:47:13 16.47.12 STC   44  IST141I  NODE N15      NOW DORMANT
12:47:13 16.47.12 STC   44  IST105I  N15      NODE NOW INACTIVE
12:47:13 16.47.12 STC   44  IST105I  N08      NODE NOW INACTIVE
12:47:13 16.47.12 STC   44  IST141I  NODE N10      NOW DORMANT
12:47:13 16.47.12 STC   44  IST105I  N10      NODE NOW INACTIVE
12:47:13 16.47.12 STC   44  IST141I  NODE N07      NOW DORMANT
12:47:13 16.47.12 STC   44  IST141I  NODE N12      NOW DORMANT
12:47:13 16.47.12 STC   44  IST105I  N12      NODE NOW INACTIVE
12:47:13 16.47.12 STC   44  IST105I  N07      NODE NOW INACTIVE
12:47:13 16.47.12 STC   44  IST141I  NODE N14      NOW DORMANT
12:47:13 16.47.12 STC   44  IST105I  N14      NODE NOW INACTIVE
12:47:15 16.47.15           $HASP097 PRINTER1 IS DRAINED
12:47:15 16.47.15           $HASP097 PRINTER2 IS DRAINED
12:47:15 16.47.15           $HASP097 PRINTER3 IS DRAINED
12:47:15 16.47.15           $HASP097 PUNCH1   IS DRAINED
12:47:15 16.47.15           $HASP097 READER1  IS DRAINED
12:47:16 16.47.16 STC   49  JRPI104 SHUTDOWN COMPLETE, ENDING
12:47:16 16.47.16 STC   49  JRP100I AFTER ACB CLOSE
12:47:16 16.47.16 STC   49  IEF404I JRP - ENDED - TIME=16.47.16
12:47:16 16.47.16 STC   49  $HASP395 JRP      ENDED
12:47:20 16.47.20           $HASP097 LINE1    IS DRAINED
12:47:20 16.47.20 STC   45  IED097I TCAM IS CLOSED DOWN
12:47:21 16.47.20 STC   45  IEF404I TP - ENDED - TIME=16.47.20
12:47:21 16.47.20 STC   45  $HASP395 TP       ENDED
12:47:21 16.47.20           $HASP097 LINE2    IS DRAINED
12:47:21 16.47.20           $HASP097 LINE3    IS DRAINED
12:47:21 16.47.20           $HASP097 LINE4    IS DRAINED
12:47:24 16.47.23 STC   35  +BSPRS08I -                               ..... GONE ....
12:47:24 16.47.23          *CMD SUBSYS -   COMMAND SUB-SYSTEM TERMINATED
12:47:24 16.47.23 STC   46  IRB101I MF/1 REPORT AVAILABLE FOR PRINTING
12:47:24 16.47.23 STC   46  IRB102I MF/1 TERMINATED
12:47:24 16.47.23 STC   46  IEF404I MF1 - ENDED - TIME=16.47.23
12:47:24 16.47.23 STC   46  $HASP395 MF1      ENDED
12:47:24 16.47.23           IEF404I CMD1 - ENDED - TIME=16.47.23
12:47:24 16.47.23 STC   35 @BSPSD999 - Shutting down MVS
12:47:24 16.47.23 STC   35  +BSPPILOT - Shutdown sequence terminated
12:47:24 16.47.23 STC   35  IEF404I BSPPILOT - ENDED - TIME=16.47.23
12:47:24 16.47.23 STC   35  $HASP395 BSPPILOT ENDED
12:47:57 16.47.57 STC   44  IST105I  ATSO     NODE NOW INACTIVE
12:47:57 16.47.57 STC   44  IST105I  ASNASOL  NODE NOW INACTIVE
12:47:57 16.47.57 STC   44  IST105I  AJRP     NODE NOW INACTIVE
12:47:57 16.47.57 STC   44  IST412I  VTAM COMMAND PROCESSING TERMINATED
12:47:57 16.47.57 STC   44  IST102I  VTAM IS NOW INACTIVE
12:47:57 16.47.57 STC   44  IEF404I NET - ENDED - TIME=16.47.57
12:47:57 16.47.57 STC   44  $HASP395 NET      ENDED
12:47:57 16.47.57           $HASP099 ALL AVAILABLE FUNCTIONS COMPLETE
12:47:57 HHC00081I Match at index 04, executing command script scripts/pjes2
12:47:57 HHC01603I script scripts/pjes2
12:47:57 HHC02260I Script 6: begin processing file scripts/pjes2
12:47:57 HHC01603I * pausing for 3 seconds, please stand by.
12:48:00 HHC00008I /$PJES2
12:48:00 HHC02264I Script 6: file scripts/pjes2 processing ended
12:48:00 16.48.00           IEE043I A SYSTEM LOG DATA SET HAS BEEN QUEUED TO SYSOUT CLASS L
12:48:00 16.48.00           IEE037I LOG NOT ACTIVE
12:48:05 16.48.05           $HASP085 JES2 TERMINATION COMPLETE
12:48:05 HHC00081I Match at index 05, executing command script scripts/z_eod
12:48:05 HHC01603I script scripts/z_eod
12:48:05 HHC02260I Script 7: begin processing file scripts/z_eod
12:48:05 HHC01603I * pausing for 3 seconds, please stand by.
12:48:05 16.48.05           IEF404I JES2 - ENDED - TIME=16.48.05
12:48:08 HHC00008I /Z EOD
12:48:08 HHC02264I Script 7: file scripts/z_eod processing ended
12:48:08 16.48.08          *IEE362A SMF ENTER DUMP FOR SYS1.MANX ON MVSRES
12:48:08 16.48.08           IEE360I SMF NOW RECORDING ON SYS1.MANY ON MVSRES TIME=16.48.08
12:48:08 16.48.08           IEE334I HALT     EOD SUCCESSFUL
12:48:08 HHC00081I Match at index 06, executing command script scripts/quiesce
12:48:08 HHC01603I script scripts/quiesce
12:48:08 HHC02260I Script 8: begin processing file scripts/quiesce
12:48:08 HHC01603I * pausing for 3 seconds, please stand by.
12:48:11 HHC00008I /QUIESCE
12:48:11 HHC02264I Script 8: file scripts/quiesce processing ended
12:48:11 HHC00809I Processor CP00: disabled wait state 000A0000 00000CCC
12:48:11 HHC00081I Match at index 07, executing command script scripts/poweroff
12:48:11 HHC01603I script scripts/poweroff
12:48:11 HHC02260I Script 9: begin processing file scripts/poweroff
12:48:11 HHC01603I * pausing for 5 seconds, please stand by.
12:48:16 HHC01603I stopall
12:48:16 HHC01603I * pausing for 5 seconds, please stand by.
12:48:21 HHC01603I sysclear
12:48:21 HHC02311I sysclear completed
12:48:21 HHC01603I * pausing for 5 seconds, please stand by.
12:48:27 HHC01603I quit
12:48:27 HHC01420I Begin Hercules shutdown
12:48:27 HHC01423I Calling termination routines
12:48:27 HHC00101I Thread id 00002FEC, prio  0, name Hercules Automatic Operator ended
12:48:27 HHC00101I Thread id 00002828, prio -20, name Timer ended
12:48:27 HHC02272I Highest observed MIPS and IO/s rates
12:48:27 HHC02272I   from Thu Feb 02 00:00:00 2023
12:48:27 HHC02272I     to Thu Feb 02 12:48:27 2023
12:48:27 HHC02272I   MIPS: 29.93953  IO/s: 2118
12:48:27 HHC00101I Thread id 00000594, prio  0, name Socket device listener ended
12:48:27 HHC00101I Thread id 00000C38, prio  0, name HTTP server ended
12:48:27 HHC00101I Thread id 00002C14, prio 15, name Processor CP00 ended
12:48:27 HHC01465I 0:0002 device detached
12:48:27 HHC01465I 0:000E device detached
12:48:27 HHC01465I 0:000C device detached
12:48:27 HHC01465I 0:000D device detached
12:48:27 HHC01465I 0:0480 device detached
12:48:27 HHC01465I 0:010C device detached
12:48:27 HHC01465I 0:010D device detached
12:48:27 HHC01465I 0:000F device detached
12:48:27 HHC01465I 0:030E device detached
12:48:27 HHC01465I 0:0009 device detached
12:48:27 HHC01465I 0:00C0 device detached
12:48:27 HHC01465I 0:00C1 device detached
12:48:27 HHC01465I 0:00C2 device detached
12:48:27 HHC01465I 0:00C3 device detached
12:48:27 HHC01465I 0:00C4 device detached
12:48:27 HHC01465I 0:00C5 device detached
12:48:27 HHC01465I 0:00C6 device detached
12:48:27 HHC01465I 0:00C7 device detached
12:48:27 HHC01465I 0:03C0 device detached
12:48:27 HHC01465I 0:03C1 device detached
12:48:27 HHC01465I 0:03C2 device detached
12:48:27 HHC01465I 0:03C3 device detached
12:48:27 HHC01465I 0:03C4 device detached
12:48:27 HHC01465I 0:03C5 device detached
12:48:27 HHC01465I 0:03C6 device detached
12:48:27 HHC00101I Thread id 00002F00, prio  0, name Console connection ended
12:48:27 HHC01465I 0:03C7 device detached
12:48:27 HHC01465I 0:0610 device detached
12:48:27 HHC01465I 0:0611 device detached
12:48:27 HHC01465I 0:0660 device detached
12:48:27 HHC01465I 0:0661 device detached
12:48:27 HHC01465I 0:0662 device detached
12:48:27 HHC01465I 0:0663 device detached
12:48:27 HHC01465I 0:0664 device detached
12:48:27 HHC01465I 0:0665 device detached
12:48:27 HHC01465I 0:0666 device detached
12:48:27 HHC01465I 0:0667 device detached
12:48:27 HHC01465I 0:0668 device detached
12:48:27 HHC01465I 0:0669 device detached
12:48:27 HHC01465I 0:066A device detached
12:48:27 HHC01465I 0:066B device detached
12:48:27 HHC00101I Thread id 00001164, prio  0, name 0:0670 communication thread ended
12:48:27 HHC01465I 0:0670 device detached
12:48:27 HHC00101I Thread id 00001598, prio  0, name 0:0671 communication thread ended
12:48:27 HHC01465I 0:0671 device detached
12:48:27 HHC00101I Thread id 00000888, prio  0, name 0:0672 communication thread ended
12:48:27 HHC01465I 0:0672 device detached
12:48:27 HHC00101I Thread id 00003850, prio  0, name 0:0673 communication thread ended
12:48:27 HHC01465I 0:0673 device detached
12:48:27 HHC00101I Thread id 0000367C, prio  0, name 0:0680 communication thread ended
12:48:27 HHC01465I 0:0680 device detached
12:48:27 HHC00101I Thread id 0000281C, prio  0, name 0:0681 communication thread ended
12:48:27 HHC01465I 0:0681 device detached
12:48:27 HHC00101I Thread id 00003B54, prio  0, name 0:0682 communication thread ended
12:48:27 HHC01465I 0:0682 device detached
12:48:27 HHC00101I Thread id 00002864, prio  0, name 0:0683 communication thread ended
12:48:27 HHC01465I 0:0683 device detached
12:48:27 HHC00101I Thread id 00001FA8, prio  0, name 0:0688 communication thread ended
12:48:27 HHC01465I 0:0688 device detached
12:48:27 HHC00101I Thread id 0000342C, prio  0, name 0:0689 communication thread ended
12:48:27 HHC01465I 0:0689 device detached
12:48:27 HHC00101I Thread id 00002EC8, prio  0, name 0:068A communication thread ended
12:48:27 HHC01465I 0:068A device detached
12:48:27 HHC00101I Thread id 00000D48, prio  0, name 0:068B communication thread ended
12:48:27 HHC01465I 0:068B device detached
12:48:27 HHC00101I Thread id 000019A8, prio  0, name 0:068C communication thread ended
12:48:27 HHC01465I 0:068C device detached
12:48:27 HHC00101I Thread id 00002BC4, prio  0, name 0:068D communication thread ended
12:48:27 HHC01465I 0:068D device detached
12:48:27 HHC00101I Thread id 00001F4C, prio  0, name 0:068E communication thread ended
12:48:27 HHC01465I 0:068E device detached
12:48:27 HHC00101I Thread id 00002900, prio  0, name 0:068F communication thread ended
12:48:27 HHC01465I 0:068F device detached
12:48:27 HHC00333I 0:0152           size free  nbr st   reads  writes l2reads    hits switches
12:48:27 HHC00334I 0:0152                                                  readaheads   misses
12:48:27 HHC00335I 0:0152 --------------------------------------------------------------------
12:48:27 HHC00336I 0:0152 [*] 0001371012 034% 0015    0000226 0178092 0000030 0000505  0000699
12:48:27 HHC00337I 0:0152                                                     0000032  0000025
12:48:27 HHC00338I 0:0152 dasd/hasp00.152
12:48:27 HHC00339I 0:0152 [0] 0001371012 034% 0015 rw 0000226 0178092 0000030
12:48:27 HHC01465I 0:0152 device detached
12:48:27 HHC00333I 0:0191           size free  nbr st   reads  writes l2reads    hits switches
12:48:27 HHC00334I 0:0191                                                  readaheads   misses
12:48:27 HHC00335I 0:0191 --------------------------------------------------------------------
12:48:27 HHC00336I 0:0191 [*] 0007000446 021% 0003    0000019 0000282 0000003 0000045  0000064
12:48:27 HHC00337I 0:0191                                                     0000001  0000003
12:48:27 HHC00338I 0:0191 dasd/mvscat.191
12:48:27 HHC00339I 0:0191 [0] 0007000446 021% 0003 rw 0000019 0000282 0000003
12:48:27 HHC01465I 0:0191 device detached
12:48:27 HHC00333I 0:0248           size free  nbr st   reads  writes l2reads    hits switches
12:48:27 HHC00334I 0:0248                                                  readaheads   misses
12:48:27 HHC00335I 0:0248 --------------------------------------------------------------------
12:48:27 HHC00336I 0:0248 [*] 0018572799 005% 0038    0000132 0131512 0000037 0019556  0019626
12:48:27 HHC00337I 0:0248                                                     0000066  0000008
12:48:27 HHC00338I 0:0248 dasd/mvsdlb.248
12:48:27 HHC00339I 0:0248 [0] 0018572799 005% 0038 rw 0000132 0131512 0000037
12:48:27 HHC01465I 0:0248 device detached
12:48:27 HHC00333I 0:0148           size free  nbr st   reads  writes l2reads    hits switches
12:48:27 HHC00334I 0:0148                                                  readaheads   misses
12:48:27 HHC00335I 0:0148 --------------------------------------------------------------------
12:48:27 HHC00336I 0:0148 [*] 0017328143 003% 0009    0000551 0036411 0000025 0002655  0003089
12:48:27 HHC00337I 0:0148                                                     0000143  0000033
12:48:27 HHC00338I 0:0148 dasd/mvsres.148
12:48:27 HHC00339I 0:0148 [0] 0017328143 003% 0009 rw 0000551 0036411 0000025
12:48:27 HHC01465I 0:0148 device detached
12:48:27 HHC00333I 0:0160           size free  nbr st   reads  writes l2reads    hits switches
12:48:27 HHC00334I 0:0160                                                  readaheads   misses
12:48:27 HHC00335I 0:0160 --------------------------------------------------------------------
12:48:27 HHC00336I 0:0160 [*] 0005460519 022% 0011    0000618 0683809 0000033 0000677  0001081
12:48:27 HHC00337I 0:0160                                                     0000214  0000063
12:48:27 HHC00338I 0:0160 dasd/page00.160
12:48:27 HHC00339I 0:0160 [0] 0005460519 022% 0011 rw 0000618 0683809 0000033
12:48:27 HHC01465I 0:0160 device detached
12:48:27 HHC00333I 0:0161           size free  nbr st   reads  writes l2reads    hits switches
12:48:27 HHC00334I 0:0161                                                  readaheads   misses
12:48:27 HHC00335I 0:0161 --------------------------------------------------------------------
12:48:27 HHC00336I 0:0161 [*] 0004930045 012% 0013    0000824 0595531 0000033 0000471  0001110
12:48:27 HHC00337I 0:0161                                                     0000185  0000059
12:48:27 HHC00338I 0:0161 dasd/page01.161
12:48:27 HHC00339I 0:0161 [0] 0004930045 012% 0013 rw 0000824 0595531 0000033
12:48:27 HHC01465I 0:0161 device detached
12:48:27 HHC00333I 0:0240           size free  nbr st   reads  writes l2reads    hits switches
12:48:27 HHC00334I 0:0240                                                  readaheads   misses
12:48:27 HHC00335I 0:0240 --------------------------------------------------------------------
12:48:27 HHC00336I 0:0240 [*] 0013204309 000% 0000    0000268 0000000 0000007 0000229  0000474
12:48:27 HHC00337I 0:0240                                                     0000027  0000041
12:48:27 HHC00338I 0:0240 dasd/pub000.240
12:48:27 HHC00339I 0:0240 [0] 0013204309 000% 0000 rw 0000268 0000000 0000007
12:48:27 HHC01465I 0:0240 device detached
12:48:27 HHC00333I 0:0241           size free  nbr st   reads  writes l2reads    hits switches
12:48:27 HHC00334I 0:0241                                                  readaheads   misses
12:48:27 HHC00335I 0:0241 --------------------------------------------------------------------
12:48:27 HHC00336I 0:0241 [*] 0001052962 000% 0000    0000007 0000000 0000001 0000002  0000009
12:48:27 HHC00337I 0:0241                                                     0000000  0000002
12:48:27 HHC00338I 0:0241 dasd/pub010.241
12:48:27 HHC00339I 0:0241 [0] 0001052962 000% 0000 rw 0000007 0000000 0000001
12:48:27 HHC01465I 0:0241 device detached
12:48:27 HHC00333I 0:0270           size free  nbr st   reads  writes l2reads    hits switches
12:48:27 HHC00334I 0:0270                                                  readaheads   misses
12:48:27 HHC00335I 0:0270 --------------------------------------------------------------------
12:48:27 HHC00336I 0:0270 [*] 0003722769 000% 0000    0000023 0000000 0000002 0000025  0000046
12:48:27 HHC00337I 0:0270                                                     0000003  0000005
12:48:27 HHC00338I 0:0270 dasd/pub001.270
12:48:27 HHC00339I 0:0270 [0] 0003722769 000% 0000 rw 0000023 0000000 0000002
12:48:27 HHC01465I 0:0270 device detached
12:48:27 HHC00333I 0:0271           size free  nbr st   reads  writes l2reads    hits switches
12:48:27 HHC00335I 0:0271 --------------------------------------------------------------------
12:48:27 HHC00336I 0:0271 [*] 0000287052 000% 0000    0000006 0000000 0000001 0000001  0000007
12:48:27 HHC00338I 0:0271 dasd/pub011.271
12:48:27 HHC00339I 0:0271 [0] 0000287052 000% 0000 rw 0000006 0000000 0000001
12:48:27 HHC01465I 0:0271 device detached
12:48:27 HHC00333I 0:0280           size free  nbr st   reads  writes l2reads    hits switches
12:48:27 HHC00334I 0:0280                                                  readaheads   misses
12:48:27 HHC00335I 0:0280 --------------------------------------------------------------------
12:48:27 HHC00336I 0:0280 [*] 0025640608 004% 0010    0000005 0000000 0000001 0000002  0000007
12:48:27 HHC00337I 0:0280                                                     0000000  0000001
12:48:27 HHC00338I 0:0280 dasd/pub002.280
12:48:27 HHC00339I 0:0280 [0] 0025640608 004% 0010 rw 0000005 0000000 0000001
12:48:27 HHC01465I 0:0280 device detached
12:48:27 HHC00333I 0:0281           size free  nbr st   reads  writes l2reads    hits switches
12:48:27 HHC00334I 0:0281                                                  readaheads   misses
12:48:27 HHC00335I 0:0281 --------------------------------------------------------------------
12:48:27 HHC00336I 0:0281 [*] 0017422388 006% 0008    0000006 0000000 0000001 0000001  0000007
12:48:27 HHC00337I 0:0281                                                     0000000  0000001
12:48:27 HHC00338I 0:0281 dasd/pub012.281
12:48:27 HHC00339I 0:0281 [0] 0017422388 006% 0008 rw 0000006 0000000 0000001
12:48:27 HHC01465I 0:0281 device detached
12:48:27 HHC00333I 0:0290           size free  nbr st   reads  writes l2reads    hits switches
12:48:27 HHC00334I 0:0290                                                  readaheads   misses
12:48:27 HHC00335I 0:0290 --------------------------------------------------------------------
12:48:27 HHC00336I 0:0290 [*] 0015612916 000% 0000    0000012 0000000 0000002 0000012  0000024
12:48:27 HHC00337I 0:0290                                                     0000000  0000001
12:48:27 HHC00338I 0:0290 dasd/pub003.290
12:48:27 HHC00339I 0:0290 [0] 0015612916 000% 0000 rw 0000012 0000000 0000002
12:48:27 HHC01465I 0:0290 device detached
12:48:27 HHC00333I 0:0291           size free  nbr st   reads  writes l2reads    hits switches
12:48:27 HHC00335I 0:0291 --------------------------------------------------------------------
12:48:27 HHC00336I 0:0291 [*] 0023660484 004% 0004    0000007 0000000 0000001 0000000  0000007
12:48:27 HHC00338I 0:0291 dasd/pub013.291
12:48:27 HHC00339I 0:0291 [0] 0023660484 004% 0004 rw 0000007 0000000 0000001
12:48:27 HHC01465I 0:0291 device detached
12:48:27 HHC00333I 0:0149           size free  nbr st   reads  writes l2reads    hits switches
12:48:27 HHC00334I 0:0149                                                  readaheads   misses
12:48:27 HHC00335I 0:0149 --------------------------------------------------------------------
12:48:27 HHC00336I 0:0149 [*] 0000503993 000% 0000    0000007 0000000 0000001 0000000  0000007
12:48:27 HHC00337I 0:0149                                                     0000000  0000001
12:48:27 HHC00338I 0:0149 dasd/smp001.149
12:48:27 HHC00339I 0:0149 [0] 0000503993 000% 0000 rw 0000007 0000000 0000001
12:48:27 HHC01465I 0:0149 device detached
12:48:27 HHC00333I 0:014A           size free  nbr st   reads  writes l2reads    hits switches
12:48:27 HHC00335I 0:014A --------------------------------------------------------------------
12:48:27 HHC00336I 0:014A [*] 0000656220 000% 0000    0000006 0000000 0000001 0000001  0000007
12:48:27 HHC00338I 0:014A dasd/smp002.14a
12:48:27 HHC00339I 0:014A [0] 0000656220 000% 0000 rw 0000006 0000000 0000001
12:48:27 HHC01465I 0:014A device detached
12:48:27 HHC00333I 0:014B           size free  nbr st   reads  writes l2reads    hits switches
12:48:27 HHC00335I 0:014B --------------------------------------------------------------------
12:48:27 HHC00336I 0:014B [*] 0000178625 000% 0000    0000007 0000000 0000001 0000000  0000007
12:48:27 HHC00338I 0:014B dasd/smp003.14b
12:48:27 HHC00339I 0:014B [0] 0000178625 000% 0000 rw 0000007 0000000 0000001
12:48:27 HHC01465I 0:014B device detached
12:48:27 HHC00333I 0:014C           size free  nbr st   reads  writes l2reads    hits switches
12:48:27 HHC00335I 0:014C --------------------------------------------------------------------
12:48:27 HHC00336I 0:014C [*] 0003056965 041% 0002    0000006 0000000 0000001 0000001  0000007
12:48:27 HHC00338I 0:014C dasd/smp004.14c
12:48:27 HHC00339I 0:014C [0] 0003056965 041% 0002 rw 0000006 0000000 0000001
12:48:27 HHC01465I 0:014C device detached
12:48:27 HHC00333I 0:0131           size free  nbr st   reads  writes l2reads    hits switches
12:48:27 HHC00335I 0:0131 --------------------------------------------------------------------
12:48:27 HHC00336I 0:0131 [*] 0000070681 000% 0000    0000005 0000000 0000001 0000002  0000007
12:48:27 HHC00338I 0:0131 dasd/sort01.131
12:48:27 HHC00339I 0:0131 [0] 0000070681 000% 0000 rw 0000005 0000000 0000001
12:48:27 HHC01465I 0:0131 device detached
12:48:27 HHC00333I 0:0132           size free  nbr st   reads  writes l2reads    hits switches
12:48:27 HHC00334I 0:0132                                                  readaheads   misses
12:48:27 HHC00335I 0:0132 --------------------------------------------------------------------
12:48:27 HHC00336I 0:0132 [*] 0000009334 000% 0000    0000006 0000000 0000001 0000001  0000007
12:48:27 HHC00337I 0:0132                                                     0000000  0000001
12:48:27 HHC00338I 0:0132 dasd/sort02.132
12:48:27 HHC00339I 0:0132 [0] 0000009334 000% 0000 rw 0000006 0000000 0000001
12:48:27 HHC01465I 0:0132 device detached
12:48:27 HHC00333I 0:0133           size free  nbr st   reads  writes l2reads    hits switches
12:48:27 HHC00335I 0:0133 --------------------------------------------------------------------
12:48:27 HHC00336I 0:0133 [*] 0000045005 000% 0000    0000005 0000000 0000001 0000002  0000007
12:48:27 HHC00338I 0:0133 dasd/sort03.133
12:48:27 HHC00339I 0:0133 [0] 0000045005 000% 0000 rw 0000005 0000000 0000001
12:48:27 HHC01465I 0:0133 device detached
12:48:27 HHC00333I 0:0134           size free  nbr st   reads  writes l2reads    hits switches
12:48:27 HHC00334I 0:0134                                                  readaheads   misses
12:48:27 HHC00335I 0:0134 --------------------------------------------------------------------
12:48:27 HHC00336I 0:0134 [*] 0000005599 000% 0000    0000006 0000000 0000001 0000001  0000007
12:48:27 HHC00337I 0:0134                                                     0000000  0000001
12:48:27 HHC00338I 0:0134 dasd/sort04.134
12:48:27 HHC00339I 0:0134 [0] 0000005599 000% 0000 rw 0000006 0000000 0000001
12:48:27 HHC01465I 0:0134 device detached
12:48:27 HHC00333I 0:0135           size free  nbr st   reads  writes l2reads    hits switches
12:48:27 HHC00334I 0:0135                                                  readaheads   misses
12:48:27 HHC00335I 0:0135 --------------------------------------------------------------------
12:48:27 HHC00336I 0:0135 [*] 0000041727 000% 0000    0000005 0000000 0000001 0000002  0000007
12:48:27 HHC00337I 0:0135                                                     0000000  0000001
12:48:27 HHC00338I 0:0135 dasd/sort05.135
12:48:27 HHC00339I 0:0135 [0] 0000041727 000% 0000 rw 0000005 0000000 0000001
12:48:27 HHC01465I 0:0135 device detached
12:48:27 HHC00333I 0:0136           size free  nbr st   reads  writes l2reads    hits switches
12:48:27 HHC00335I 0:0136 --------------------------------------------------------------------
12:48:27 HHC00336I 0:0136 [*] 0000005599 000% 0000    0000005 0000000 0000001 0000002  0000007
12:48:27 HHC00338I 0:0136 dasd/sort06.136
12:48:27 HHC00339I 0:0136 [0] 0000005599 000% 0000 rw 0000005 0000000 0000001
12:48:27 HHC01465I 0:0136 device detached
12:48:27 HHC00333I 0:0140           size free  nbr st   reads  writes l2reads    hits switches
12:48:27 HHC00335I 0:0140 --------------------------------------------------------------------
12:48:27 HHC00336I 0:0140 [*] 0001676929 046% 0003    0000006 0000000 0000001 0000001  0000007
12:48:27 HHC00338I 0:0140 dasd/work00.140
12:48:27 HHC00339I 0:0140 [0] 0001676929 046% 0003 rw 0000006 0000000 0000001
12:48:27 HHC01465I 0:0140 device detached
12:48:27 HHC00333I 0:0170           size free  nbr st   reads  writes l2reads    hits switches
12:48:27 HHC00335I 0:0170 --------------------------------------------------------------------
12:48:27 HHC00336I 0:0170 [*] 0000009741 000% 0000    0000007 0000000 0000001 0000000  0000007
12:48:27 HHC00338I 0:0170 dasd/work01.170
12:48:27 HHC00339I 0:0170 [0] 0000009741 000% 0000 rw 0000007 0000000 0000001
12:48:27 HHC01465I 0:0170 device detached
12:48:27 HHC00333I 0:0180           size free  nbr st   reads  writes l2reads    hits switches
12:48:27 HHC00334I 0:0180                                                  readaheads   misses
12:48:27 HHC00335I 0:0180 --------------------------------------------------------------------
12:48:27 HHC00336I 0:0180 [*] 0000090846 000% 0000    0000007 0000000 0000001 0000000  0000007
12:48:27 HHC00337I 0:0180                                                     0000000  0000001
12:48:27 HHC00338I 0:0180 dasd/work02.180
12:48:27 HHC00339I 0:0180 [0] 0000090846 000% 0000 rw 0000007 0000000 0000001
12:48:27 HHC01465I 0:0180 device detached
12:48:27 HHC00333I 0:0190           size free  nbr st   reads  writes l2reads    hits switches
12:48:27 HHC00335I 0:0190 --------------------------------------------------------------------
12:48:27 HHC00336I 0:0190 [*] 0049477921 002% 0025    0000007 0000000 0000001 0000000  0000007
12:48:27 HHC00338I 0:0190 dasd/work03.190
12:48:27 HHC00339I 0:0190 [0] 0049477921 002% 0025 rw 0000007 0000000 0000001
12:48:27 HHC00101I Thread id 00000F48, prio  0, name Read-ahead thread-1 ended
12:48:27 HHC00101I Thread id 000027CC, prio  0, name Read-ahead thread-2 ended
12:48:27 HHC00101I Thread id 00002A78, prio  0, name Garbage collector ended
12:48:27 HHC00101I Thread id 000026E8, prio  0, name Writer thread-1 ended
12:48:27 HHC00101I Thread id 00001B38, prio  0, name Writer thread-2 ended
12:48:27 HHC01465I 0:0190 device detached
12:48:27 HHC01427I Main storage released
12:48:27 HHC01427I Expanded storage released
12:48:27 HHC01422I Configuration released
12:48:27 HHC01424I All termination routines complete
12:48:27 HHC02103I Logger: logger thread terminating
