0000 00.00.00           IEF923I ELIGIBLE DEVICE TABLE IOGEN    10/01/85 13.20
0000                    124531 NIP  IEA101A SPECIFY SYSTEM PARAMETERS FOR RELEASE 03.8 .VS2
0000                    124535 NIP   '
0000                    124535 NIP  IEA940I THE FOLLOWING PAGE DATA SETS ARE IN USE
0000                    124535 NIP   PLPA ... SYS1.PAGELPA
0000                    124535 NIP   COMMON . SYS1.PAGECSA
0000                    124535 NIP   DUPLEX . SYS1.DUPLEX
0000                    124535 NIP   LOCAL .. SYS1.PAGEL01
0000                    124535 NIP   LOCAL .. SYS1.PAGEL02
0000 13.45.35           IEF196I     1     //MSTRJCL  JOB MSGLEVEL=(0,0)
0000 13.45.35           S CMD1
0000 13.45.35           S BSPPILOT
0000 13.45.35           S JES2,,,PARM='WARM,NOREQ'
4000 13.45.35           IGF992I  MIH INIT COMPLETE, PRI=000300, SEC=000015
4000 13.45.35           IEE360I SMF NOW RECORDING ON SYS1.MANY ON MVSRES TIME=13.45.35
FFFF 13.45.35           RAKF is based on the ESG Security System
FFFF 13.45.35           written by Craig J. Yasuna               (Mar 1991)
FFFF 13.45.35           adapted to MVS 3.8J: A. Philip Dickinson (Aug 2005)
FFFF 13.45.35                                Phil Roberts        (Apr 2011)
FFFF 13.45.35                                Juergen Winkelmann  (Apr 2011)
8000 13.45.35           RAKF001I RAKF is now being activated
FFFF 13.45.35           RCVT WAS PROCESSED SUCCESSFULLY
4000 13.45.35           RAKF003I RAKF is now active
FFFF 13.45.35           RAKFPROF7  RAKF PROFILES UPDATED
FFFF 13.45.35           RAKFUIDS4  USER TABLE UPDATED
0000 13.45.35           IEF196I     1     //JES2     JOB MSGLEVEL=1
0000 13.45.35           IEF196I     2     //STARTING EXEC JES2,PARM='WARM,NOREQ'
0000 13.45.35           IEF196I     3     XXJES2    PROC M=JES2PARM,
0000 13.45.35           IEF196I           XX             M2=STARTSTD,
0000 13.45.35           IEF196I           XX             N=SYS1,
0000 13.45.35           IEF196I           XX             L=LINKLIB,
0000 13.45.35           IEF196I           XX             U=3350,
0000 13.45.35           IEF196I           XX             N1=SYS1,
0000 13.45.35           IEF196I           XX             P0=SYS1,
0000 13.45.35           IEF196I           XX             P1=SYS2,
0000 13.45.35           IEF196I           XX             P2=SYS1,
0000 13.45.35           IEF196I           XX             P=JES2PARM
0000 13.45.35           IEF196I     4     XXIEFPROC EXEC PGM=HASJES20,
0000 13.45.35           IEF196I           XX             TIME=1440,
0000 13.45.35           IEF196I           XX             DPRTY=(15,15)
0000 13.45.35           IEF196I     5     XXSTEPLIB  DD  UNIT=&U,DISP=SHR,DSN=&N..&L
0000 13.45.35           IEF196I  STMT NO. MESSAGE
0000 13.45.35           IEF196I -
0000 13.45.35           IEF196I     5     IEF653I SUBSTITUTION JCL - UNIT=3350,DISP=SHR,
0000 13.45.35           IEF196I DSN=SYS1.LINKLIB
0000 13.45.35           IEF196I     6     XXPROC00   DD  DSN=&P0..PROCLIB,DISP=SHR
0000 13.45.35           IEF196I     6     IEF653I SUBSTITUTION JCL - DSN=SYS1.PROCLIB,DISP=SHR
0000 13.45.35           IEF196I     7     XX         DD  DSN=&P1..PROCLIB,DISP=SHR
0000 13.45.35           IEF196I     7     IEF653I SUBSTITUTION JCL - DSN=SYS2.PROCLIB,DISP=SHR
0000 13.45.35           IEF196I     8     XX         DD  DSN=&P2..PROCLIB,DISP=SHR
0000 13.45.35           IEF196I     8     IEF653I SUBSTITUTION JCL - DSN=SYS1.PROCLIB,DISP=SHR
0000 13.45.35           IEF196I     9     XXIEF0PDSI DD  DSN=&P0..PROCLIB,DISP=SHR
0000 13.45.35           IEF196I     9     IEF653I SUBSTITUTION JCL - DSN=SYS1.PROCLIB,DISP=SHR
0000 13.45.35           IEF196I    10     XX         DD  DSN=&P1..PROCLIB,DISP=SHR
0000 13.45.35           IEF196I    10     IEF653I SUBSTITUTION JCL - DSN=SYS2.PROCLIB,DISP=SHR
0000 13.45.35           IEF196I    11     XX         DD  DSN=&P2..PROCLIB,DISP=SHR
0000 13.45.35           IEF196I    11     IEF653I SUBSTITUTION JCL - DSN=SYS1.PROCLIB,DISP=SHR
0000 13.45.35           IEF196I    12     XXIEF1PDSI DD  DSN=&P0..PROCLIB,DISP=SHR
0000 13.45.35           IEF196I    12     IEF653I SUBSTITUTION JCL - DSN=SYS1.PROCLIB,DISP=SHR
0000 13.45.35           IEF196I    13     XX         DD  DSN=&P1..PROCLIB,DISP=SHR
0000 13.45.35           IEF196I    13     IEF653I SUBSTITUTION JCL - DSN=SYS2.PROCLIB,DISP=SHR
0000 13.45.35           IEF196I    14     XX         DD  DSN=&P2..PROCLIB,DISP=SHR
0000 13.45.35           IEF196I    14     IEF653I SUBSTITUTION JCL - DSN=SYS1.PROCLIB,DISP=SHR
0000 13.45.35           IEF196I    15     XXHASPPARM DD  DSN=&N1..&P(&M),DISP=SHR
0000 13.45.35           IEF196I    15     IEF653I SUBSTITUTION JCL -
0000 13.45.35           IEF196I DSN=SYS1.JES2PARM(JES2PARM),DISP=SHR
0000 13.45.35           IEF196I    16     XX         DD  DSN=&N1..&P(&M2),DISP=SHR
0000 13.45.35           IEF196I    16     IEF653I SUBSTITUTION JCL -
0000 13.45.35           IEF196I DSN=SYS1.JES2PARM(STARTSTD),DISP=SHR
0000 13.45.35           IEF196I    17     XXHASPLIST DD  DDNAME=IEFRDER
4000 13.45.35           IEF677I WARNING MESSAGE(S) FOR JOB JES2     ISSUED
0000 13.45.35           IEF196I    17     IEF686I DDNAME REFERRED TO ON DDNAME KEYWORD IN PRIOR
0000 13.45.35           IEF196I STEP WAS NOT RESOLVED
0000 13.45.35           IEF196I     1     //CMD1     JOB MSGLEVEL=1
0000 13.45.35           IEF196I     2     //STARTING EXEC CMD1
0000 13.45.35           IEF196I     3     XXCMD1   PROC  A=ASE0,
0000 13.45.35           IEF196I           XX             B='$',
0000 13.45.35           IEF196I           XX             C=CSK0,
0000 13.45.35           IEF196I           XX             D=DSD0,
0000 13.45.35           IEF196I           XX             E=ESS0,
0000 13.45.35           IEF196I           XX             F=FSF0,
0000 13.45.35           IEF196I           XX             G='$',
0000 13.45.35           IEF196I           XX             H=HSM0,
0000 13.45.35           IEF196I           XX             I=ISJ0,
0000 13.45.35           IEF196I           XX             J=JSL0,
0000 13.45.35           IEF196I           XX             K='$',
0000 13.45.35           IEF196I           XX             L=LSC0,
0000 13.45.35           IEF196I           XX             M=MSO0,
0000 13.45.35           IEF196I           XX             N=NSA0,
0000 13.45.35           IEF196I           XX             O=OSR0,
0000 13.45.35           IEF196I           XX             P=PSP0,
0000 13.45.35           IEF196I           XX             Q=QSQ0,
0000 13.45.35           IEF196I           XX             R=RSG0,
0000 13.45.35           IEF196I           XX             S=SSH0,
0000 13.45.35           IEF196I           XX             T=TSN0,
0000 13.45.35           IEF196I           XX             U='$',
0000 13.45.35           IEF196I           XX             V=VSI0,
0000 13.45.35           IEF196I           XX             W='$',
0000 13.45.35           IEF196I           XX             X='$',
0000 13.45.35           IEF196I           XX             Y='$',
0000 13.45.35           IEF196I           XX             Z=ZSZ0
0000 13.45.35           IEF196I     4     XXCMD1  EXEC PGM=CMDSBINT,TIME=1440,DPRTY=(15,10),
0000 13.45.35           IEF196I           XX
0000 13.45.35           IEF196I PARM='&A&B&C&D&E&F&G&H&I&J&K&L&M&N&O&P&Q&R&S&T&U&V&W&X&Y&Z'
0000 13.45.35           IEF196I  STMT NO. MESSAGE
0000 13.45.35           IEF196I -
0000 13.45.35           IEF196I     4     IEF653I SUBSTITUTION JCL -
0000 13.45.35           IEF196I PARM='ASE0$CSK0DSD0ESS0FSF0$HSM0ISJ0JSL0$LSC0MSO0NSA0OSR0PSP0QSQ
0000 13.45.35           IEF196I 0RSG0SSH0TSN0$VSI0$$$ZSZ0'
0000 13.45.35           IEF196I           ***CSC#ASYS  DD  DUMMY
0000 13.45.35           IEF196I           ***CSC#BSYS  DD  DUMMY
0000 13.45.35           IEF196I           ***CSC#CSYS  DD  DUMMY
0000 13.45.35           IEF196I           ***CSCDATA   DD  DSN=SYS1.SYSTEM.CMDSBSYS.CSCDATA,
0000 13.45.35           IEF196I DISP=SHR
0000 13.45.35           IEF196I           ***
0000 13.45.35           IEF196I           ***      WHERE  -    FOR CSC#.... REPLACE .... WITH
0000 13.45.35           IEF196I SMF SYSID OF ONE
0000 13.45.35           IEF196I           ***                  OF THE SYSTEMS USING
0000 13.45.35           IEF196I CROSS-SYSTEM COMMANDS.
0000 13.45.35           IEF196I           ***                  AS MANY CSC#.... DD CARDS AS
0000 13.45.35           IEF196I NECESSARY MAY EXIST.
0000 13.45.35           IEF196I           ***
0000 13.45.35           IEF196I IEF236I ALLOC. FOR CMD1 CMD1
0000 13.45.35           IEF196I IEF236I ALLOC. FOR JES2 JES2
0000 13.45.35           IEF196I IEF237I 148  ALLOCATED TO STEPLIB
0000 13.45.35           IEF196I IEF237I 148  ALLOCATED TO PROC00
0000 13.45.35           IEF196I IEF237I 240  ALLOCATED TO
0000 13.45.35           IEF196I IEF237I 148  ALLOCATED TO
0000 13.45.35           IEF196I IEF237I 148  ALLOCATED TO IEF0PDSI
0000 13.45.35           IEF196I IEF237I 240  ALLOCATED TO
0000 13.45.35           IEF196I IEF237I 148  ALLOCATED TO
0000 13.45.35           IEF196I IEF237I 148  ALLOCATED TO IEF1PDSI
0000 13.45.35           IEF196I IEF237I 240  ALLOCATED TO
0000 13.45.35           IEF196I IEF237I 148  ALLOCATED TO
0000 13.45.35           IEF196I IEF237I 148  ALLOCATED TO HASPPARM
0000 13.45.35           IEF196I IEF237I 148  ALLOCATED TO
0000 13.45.35           IEF196I IEF237I DMY  ALLOCATED TO HASPLIST
0000 13.45.35           IEF196I IEF237I 248  ALLOCATED TO $$CKPT
FFFF 13.45.35           $HASP493 JES2  QUICK-START IS IN PROGRESS
0000 13.45.35           IEF196I $HASP493 JES2  QUICK-START IS IN PROGRESS
0000 13.45.35           IEF196I IEF237I 152  ALLOCATED TO $HASP00
0000 13.45.35           IEF196I IEF237I 00C  ALLOCATED TO READER1
0000 13.45.35           IEF196I IEF237I 00D  ALLOCATED TO PUNCH1
FFFF 13.45.35           $HASP412 MAXIMUM OF 1   READER(S)  EXCEEDED
0000 13.45.35           IEF196I $HASP412 MAXIMUM OF 1   READER(S)  EXCEEDED
FFFF 13.45.35           $HASP412 MAXIMUM OF 1   PUNCH(ES)  EXCEEDED
0000 13.45.35           IEF196I $HASP412 MAXIMUM OF 1   PUNCH(ES)  EXCEEDED
FFFF 13.45.35           $HASP412 MAXIMUM OF 3   PRINTER(S) EXCEEDED
0000 13.45.35           IEF196I $HASP412 MAXIMUM OF 3   PRINTER(S) EXCEEDED
4000 13.45.35           IEE041I THE SYSTEM LOG IS NOW ACTIVE
0000 13.45.35           S INIT.INIT,,,JES2
0000 13.45.35           S INIT.INIT,,,JES2
0000 13.45.35           S INIT.INIT,,,JES2
0000 13.45.35           S INIT.INIT,,,JES2
0000 13.45.35           S INIT.INIT,,,JES2
0000 13.45.35           S INIT.INIT,,,JES2
0000 13.45.35           S BSPSETPF,PARM=NOREPLYU
0004 13.45.35           $HASP000 ID 1    T=**.** I=  30 $VS,'F BSPPILOT,SCRIPT=STARTSTD'
0000 13.45.35           F BSPPILOT,SCRIPT=STARTSTD
0000 13.45.35           IEE341I BSPPILOT NOT ACTIVE
0200 13.45.35           $HASP160 PUNCH1   INACTIVE - CLASS=B
0200 13.45.35 STC   16  $HASP250 SYSLOG   IS PURGED
0200 13.45.35 STC   35  $HASP100 BSPPILOT ON STCINRDR
4000 13.45.35 STC   35  $HASP373 BSPPILOT STARTED
0200 13.45.35 STC   36  $HASP100 INIT     ON STCINRDR
4000 13.45.35 STC   36  $HASP373 INIT     STARTED
0200 13.45.35 STC   37  $HASP100 INIT     ON STCINRDR
4000 13.45.35 STC   37  $HASP373 INIT     STARTED
0200 13.45.35 STC   38  $HASP100 INIT     ON STCINRDR
4000 13.45.35 STC   38  $HASP373 INIT     STARTED
0200 13.45.35 STC   39  $HASP100 INIT     ON STCINRDR
4000 13.45.35 STC   39  $HASP373 INIT     STARTED
0200 13.45.35 STC   40  $HASP100 INIT     ON STCINRDR
4000 13.45.35 STC   40  $HASP373 INIT     STARTED
0200 13.45.35 STC   41  $HASP100 INIT     ON STCINRDR
4000 13.45.35 STC   41  $HASP373 INIT     STARTED
0200 13.45.35 STC   42  $HASP100 BSPSETPF ON STCINRDR
C000 13.45.35           $HASP309    INIT  1 INACTIVE ******** C=A
4000 13.45.35 STC   42  $HASP373 BSPSETPF STARTED
C000 13.45.35           $HASP309    INIT  2 INACTIVE ******** C=BA
C000 13.45.35           $HASP309    INIT  3 INACTIVE ******** C=HBA
C000 13.45.35           $HASP309    INIT  4 INACTIVE ******** C=SHB
C000 13.45.35           $HASP309    INIT  5 INACTIVE ******** C=SBA
C000 13.45.35           $HASP309    INIT  6 INACTIVE ******** C=SC
FFFF 13.45.35 STC   42  BSPSP91I - Parms passed: NOREPLYU
FFFF 13.45.35 STC   42  BSPSP93I - PFK definitions will be updated in memory
FFFF 13.45.35 STC   42  BSPSP22I - Dataset processed: SYS1.PARMLIB
FFFF 13.45.35 STC   42  BSPSP23I - on volume MVSRES
FFFF 13.45.35 STC   42  BSPSP21I - Member being processed: SETPFK01
FFFF 13.45.35 STC   42  +BSPSP98I - Member processed, LASTCC=0000
FFFF 13.45.35 STC   42  +BSPSP21I - Member being processed: SETPFK02
FFFF 13.45.35 STC   42  +BSPSP98I - Member processed, LASTCC=0000
FFFF 13.45.35 STC   42  +BSPSP99I - End of processing, MAXRC=0000
4000 13.45.35 STC   42  $HASP395 BSPSETPF ENDED
0000 13.45.43           D T
0000 13.45.43           IEE136I  TIME=13.45.43 DATE=23.033
0000 13.46.05           F BSPPILOT,SCRIPT=STARTSTD
FFFF 13.46.05 STC   35  +BSPPILOT - Running script STARTSTD
FFFF 13.46.05 STC   35  +BSPRS22I - Dataset processed: SYS1.PARMLIB
FFFF 13.46.05 STC   35  +BSPRS23I - on volume MVSRES
FFFF 13.46.05 STC   35  +BSPRS08I - PARM NOECHO
0000 13.46.05 STC   35  $CA,ALL
0004 13.46.05           $HASP000 OK
0000 13.46.05 STC   35  V 480,ONLINE
0000 13.46.05 STC   35  MN JOBNAMES,T
0000 13.46.05           IEE302I 480      ONLINE
0000 13.46.05 STC   35  MN SESS,T
0000 13.46.05 STC   35  S DYNAMASK
0200 13.46.05 STC   43  $HASP100 DYNAMASK ON STCINRDR
4000 13.46.05 STC   43  $HASP373 DYNAMASK STARTED
4000 13.46.05 STC   43  IEF403I DYNAMASK - STARTED - TIME=13.46.05
4020 13.46.05 STC   43  DMSK00I DYNAMASK DONE ****
4020 13.46.05 STC   43  DMSK06I  START
4000 13.46.05 STC   43  $HASP395 DYNAMASK ENDED
4000 13.46.05 STC   43  IEF404I DYNAMASK - ENDED - TIME=13.46.05
0000 13.46.07 STC   35  S NET
0200 13.46.07 STC   44  $HASP100 NET      ON STCINRDR
0000 13.46.07 STC   35  S TP
4000 13.46.07 STC   44  $HASP373 NET      STARTED
4000 13.46.07 STC   44  IEF403I NET - STARTED - TIME=13.46.07
0200 13.46.07 STC   45  $HASP100 TP       ON STCINRDR
4000 13.46.07 STC   45  $HASP373 TP       STARTED
4000 13.46.07 STC   45  IEF403I TP - STARTED - TIME=13.46.07
0000 13.46.07 STC   35  S MF1.MF1
0200 13.46.07 STC   46  $HASP100 MF1      ON STCINRDR
4000 13.46.07 STC   46  $HASP373 MF1      STARTED
4000 13.46.07 STC   46  IEF403I MF1 - STARTED - TIME=13.46.07
0000 13.46.08 STC   35  $SA,ALL
0004 13.46.08           $HASP000 OK
4000 13.46.08 STC   46  IRB100I MF/1 IS ACTIVE
0000 13.46.08 STC   35  $TA,I=3600,'$SI1-I4'
0004 13.46.08           $HASP000 ID 2    T=**.** I=3600 $SI1-I4
0004 13.46.08           $HASP000 OK
0000 13.46.08 STC   35  $TOSC1,D=J
0004 13.46.08           $HASP000 OK
0000 13.46.08 STC   35  $TOSC2,D=J
0004 13.46.08           $HASP000 OK
0000 13.46.08 STC   35  $TOSC3,D=T
0004 13.46.08           $HASP000 OK
0000 13.46.08 STC   35  $TOSC4,D=T
0004 13.46.08           $HASP000 OK
0000 13.46.08 STC   35  $SRDR1
0004 13.46.08           $HASP000 OK
0000 13.46.08 STC   35  $SPRT1
4200 13.46.08           IEF236I ALLOC. FOR JES2 JES2
4200 13.46.08           IEF237I 00E  ALLOCATED TO PRINTER1
0000 13.46.08           IEF196I IEF237I 00E  ALLOCATED TO PRINTER1
0004 13.46.08           $HASP000 OK
0200 13.46.08 STC   46  $HASP150 MF1      ON PRINTER1        13 LINES
0000 13.46.08           $SPRT1
0200 13.46.08 STC   46 *$HASP190 MF1      SETUP -- PRINTER1 -- F = 0001 -- C = 6    -- T = QN
0004 13.46.08           $HASP000 OK
0200 13.46.08 STC   28  $HASP150 MF1      ON PRINTER1       211 LINES
0200 13.46.08           $HASP160 PRINTER1 INACTIVE - CLASS=A
0000 13.46.08 STC   35  $SPRT2
4200 13.46.08           IEF236I ALLOC. FOR JES2 JES2
4200 13.46.08           IEF237I 00F  ALLOCATED TO PRINTER2
0000 13.46.08           IEF196I IEF237I 00F  ALLOCATED TO PRINTER2
0004 13.46.08           $HASP000 OK
0200 13.46.08 STC   27  $HASP150 TP       ON PRINTER2        94 LINES
0000 13.46.08           $SPRT2
0200 13.46.08 STC   27 *$HASP190 TP       SETUP -- PRINTER2 -- F = 0001 -- C = 6    -- T = QN
0004 13.46.08           $HASP000 OK
4000 13.46.08 STC   44  IST025I  BLDL FAILED FOR IEDIAE   IN VTAMLIB
0200 13.46.08 STC   28  $HASP150 MF1      ON PRINTER2        30 LINES
0200 13.46.08 STC   27  $HASP250 TP       IS PURGED
4000 13.46.08 STC   44  IST025I  BLDL FAILED FOR IEDIAE   IN VTAMLIB
0200 13.46.08 STC   42  $HASP150 BSPSETPF ON PRINTER2        32 LINES
0200 13.46.08 STC   28  $HASP250 MF1      IS PURGED
4000 13.46.08 STC   44  IST025I  BLDL FAILED FOR IEDIAE   IN VTAMLIB
4000 13.46.08 STC   44  IST025I  BLDL FAILED FOR IEDIAE   IN VTAMLIB
0200 13.46.08 STC   43  $HASP150 DYNAMASK ON PRINTER2        28 LINES
0200 13.46.08 STC   42  $HASP250 BSPSETPF IS PURGED
0200 13.46.08 STC   17  $HASP150 BSPPILOT ON PRINTER2       146 LINES
0200 13.46.08 STC   43  $HASP250 DYNAMASK IS PURGED
4000 13.46.08 STC   44  IST025I  BLDL FAILED FOR IEDIAK   IN VTAMLIB
4000 13.46.08 STC   44  IST025I  BLDL FAILED FOR IEDIAK   IN VTAMLIB
0000 13.46.08 STC   35  $SPRT3
4200 13.46.08           IEF236I ALLOC. FOR JES2 JES2
4200 13.46.08           IEF237I 002  ALLOCATED TO PRINTER3
0000 13.46.08           IEF196I IEF237I 002  ALLOCATED TO PRINTER3
0004 13.46.08           $HASP000 OK
0200 13.46.08 STC   17  $HASP250 BSPPILOT IS PURGED
0200 13.46.08 STC   26  $HASP150 NET      ON PRINTER2       158 LINES
0200 13.46.08           $HASP160 PRINTER2 INACTIVE - CLASS=Z
0200 13.46.08 STC   26  $HASP250 NET      IS PURGED
0200 13.46.08           $HASP160 PRINTER3 INACTIVE - CLASS=X
0000 13.46.08 STC   35  $SLINE1
0000 13.46.08           IEF196I IEF237I 670  ALLOCATED TO LINE1
0004 13.46.08           $HASP000 OK
0000 13.46.08 STC   35  $SLINE2
0000 13.46.08           IEF196I IEF237I 671  ALLOCATED TO LINE2
0004 13.46.08           $HASP000 OK
0000 13.46.08 STC   35  $SLINE3
0000 13.46.08           IEF196I IEF237I 672  ALLOCATED TO LINE3
0004 13.46.08           $HASP000 OK
4000 13.46.08 STC   44  IST110I  NETWORK SOLICITOR STARTED
0000 13.46.08 STC   35  $SLINE4
0000 13.46.08           IEF196I IEF237I 673  ALLOCATED TO LINE4
0004 13.46.08           $HASP000 OK
0000 13.46.08 STC   35  $SPUNCH1
0004 13.46.08           $HASP000 OK
4000 13.46.08 STC   44  IST197I  SAVED CONFIGURATION ATSO     READ FROM VTAMOBJ
4000 13.46.08 STC   44  IST093I  ATSO     ACTIVE
4000 13.46.08 STC   44  IST197I  SAVED CONFIGURATION ASNASOL  READ FROM VTAMOBJ
4000 13.46.08 STC   44  IST093I  ASNASOL  ACTIVE
4000 13.46.08 STC   44  IST197I  SAVED CONFIGURATION AJRP     READ FROM VTAMOBJ
4000 13.46.08 STC   44  IST093I  AJRP     ACTIVE
4000 13.46.08 STC   44  IST197I  SAVED CONFIGURATION L3274    READ FROM VTAMOBJ
4000 13.46.08 STC   44  IST093I  L3274    ACTIVE
4000 13.46.08 STC   44  IST197I  SAVED CONFIGURATION L3791    READ FROM VTAMOBJ
4000 13.46.08 STC   44  IST093I  L3791    ACTIVE
4000 13.46.08 STC   44  IST197I  SAVED CONFIGURATION S3705    READ FROM VTAMOBJ
4000 13.46.08 STC   44  IST197I  SAVED CONFIGURATION N07      READ FROM VTAMOBJ
4000 13.46.08 STC   44  IST093I  S3705    ACTIVE
4000 13.46.08 STC   44  IST197I  SAVED CONFIGURATION N08      READ FROM VTAMOBJ
4000 13.46.08 STC   44  IST197I  SAVED CONFIGURATION N10      READ FROM VTAMOBJ
4000 13.46.08 STC   44  IST197I  SAVED CONFIGURATION N11      READ FROM VTAMOBJ
4000 13.46.08 STC   44  IST197I  SAVED CONFIGURATION N12      READ FROM VTAMOBJ
4000 13.46.08 STC   44  IST197I  SAVED CONFIGURATION N13      READ FROM VTAMOBJ
4000 13.46.08 STC   44  IST197I  SAVED CONFIGURATION N14      READ FROM VTAMOBJ
4000 13.46.08 STC   44  IST197I  SAVED CONFIGURATION N15      READ FROM VTAMOBJ
0000 13.46.08 STC   44  S TSO
0200 13.46.08 STC   47  $HASP100 TSO      ON STCINRDR
4000 13.46.08 STC   47  $HASP373 TSO      STARTED
4000 13.46.08 STC   47  IEF403I TSO - STARTED - TIME=13.46.08
4000 13.46.08 STC   44  IST020I  VTAM INITIALIZATION COMPLETE
4040 13.46.08 STC   44  IEA000I 0C0,IOE,05,0200,400000000001,,,NET     ,13.46.08
4040 13.46.08 STC   44  IEA000I 0C1,IOE,05,0200,400000000001,,,NET     ,13.46.08
4040 13.46.08 STC   44  IEA000I 0C2,IOE,05,0200,400000000001,,,NET     ,13.46.08
4040 13.46.08 STC   44  IEA000I 0C3,IOE,05,0200,400000000001,,,NET     ,13.46.08
4040 13.46.08 STC   44  IEA000I 0C4,IOE,05,0200,400000000001,,,NET     ,13.46.08
4040 13.46.08 STC   44  IEA000I 0C5,IOE,05,0200,400000000001,,,NET     ,13.46.08
4040 13.46.08 STC   44  IEA000I 0C6,IOE,05,0200,400000000001,,,NET     ,13.46.08
4000 13.46.08 STC   44  IFL003I  IFLOADRN COMPLETED
4000 13.46.08 STC   44  IST270I  370X N07      NOW LOADED WITH LOADMOD N07
8100 13.46.08 STC   47  IKT007I TCAS ACCEPTING LOGONS
8100 13.46.08 STC   47  IKT005I TCAS IS INITIALIZED
0000 13.46.10 STC   35  F TP,TS=START
4000 13.46.10 STC   45  IKJ019I TIME SHARING IS INITIALIZED
0000 13.46.12 STC   35  S SNASOL
0200 13.46.12 STC   48  $HASP100 SNASOL   ON STCINRDR
4000 13.46.12 STC   48  $HASP373 SNASOL   STARTED
4000 13.46.12 STC   48  IEF403I SNASOL - STARTED - TIME=13.46.12
0000 13.46.12 STC   35  S JRP
0200 13.46.12 STC   49  $HASP100 JRP      ON STCINRDR
4000 13.46.12 STC   49  $HASP373 JRP      STARTED
4000 13.46.12 STC   49  IEF403I JRP - STARTED - TIME=13.46.12
0020 13.46.12 STC   48  +SNASOL - APPLICATION SNASOL   IS UP
FFFF 13.46.12 STC   49  JRPI101 INITIALIZATION COMPLETE
FFFF 13.46.12 STC   49  JRP904I - JRP WAITING FOR COMMAND.
4000 13.46.13 STC   44  IFL003I  IFLOADRN COMPLETED
4000 13.46.13 STC   44  IST270I  370X N10      NOW LOADED WITH LOADMOD N10
4000 13.46.13 STC   44  IST093I  N07      ACTIVE
4000 13.46.13 STC   44  IST093I  N07P3    ACTIVE
4000 13.46.13 STC   44  IST093I  N08      ACTIVE
4000 13.46.18 STC   44  IFL003I  IFLOADRN COMPLETED
4000 13.46.18 STC   44  IST270I  370X N12      NOW LOADED WITH LOADMOD N12
4000 13.46.18 STC   44  IST093I  N10      ACTIVE
4000 13.46.18 STC   44  IST093I  N10P3    ACTIVE
4000 13.46.18 STC   44  IST093I  N11      ACTIVE
4000 13.46.23 STC   44  IFL003I  IFLOADRN COMPLETED
4000 13.46.23 STC   44  IST270I  370X N14      NOW LOADED WITH LOADMOD N14
4000 13.46.23 STC   44  IST093I  N12      ACTIVE
4000 13.46.23 STC   44  IST093I  N12P3    ACTIVE
4000 13.46.23 STC   44  IST093I  N13      ACTIVE
4000 13.46.28 STC   44  IST093I  N14      ACTIVE
4000 13.46.28 STC   44  IST093I  N14P3    ACTIVE
4000 13.46.28 STC   44  IST093I  N15      ACTIVE
0000 13.46.32 STC   35  V NET,ACT,ID=T3767S11,LOGON=SNASOL,LOGMODE=INTERACT
4000 13.46.32 STC   44  IST097I  VARY     ACCEPTED
4000 13.46.32 STC   44  IST093I  T3767S11 ACTIVE
0000 13.46.32 STC   35  V NET,ACT,ID=T3767S21,LOGON=SNASOL,LOGMODE=INTERACT
4000 13.46.32 STC   44  IST097I  VARY     ACCEPTED
4000 13.46.32 STC   44  IST093I  T3767S21 ACTIVE
0000 13.46.32 STC   35  V NET,ACT,ID=T3767S31,LOGON=SNASOL,LOGMODE=INTERACT
4000 13.46.32 STC   44  IST097I  VARY     ACCEPTED
4000 13.46.32 STC   44  IST093I  T3767S31 ACTIVE
0000 13.46.32 STC   35  V NET,ACT,ID=T3767S41,LOGON=SNASOL,LOGMODE=INTERACT
4000 13.46.32 STC   44  IST097I  VARY     ACCEPTED
4000 13.46.32 STC   44  IST093I  T3767S41 ACTIVE
0000 13.46.32 STC   35  V NET,ACT,ID=T3278S11,LOGON=SNASOL,LOGMODE=MHP3278E
4000 13.46.32 STC   44  IST097I  VARY     ACCEPTED
4000 13.46.32 STC   44  IST093I  T3278S11 ACTIVE
0000 13.46.32 STC   35  V NET,ACT,ID=T3278S21,LOGON=SNASOL,LOGMODE=MHP3278E
4000 13.46.32 STC   44  IST097I  VARY     ACCEPTED
4000 13.46.32 STC   44  IST093I  T3278S21 ACTIVE
0000 13.46.32 STC   35  V NET,ACT,ID=T3278S31,LOGON=SNASOL,LOGMODE=MHP3278E
4000 13.46.32 STC   44  IST097I  VARY     ACCEPTED
4000 13.46.32 STC   44  IST093I  T3278S31 ACTIVE
0000 13.46.32 STC   35  V NET,ACT,ID=T3278S41,LOGON=SNASOL,LOGMODE=MHP3278E
4000 13.46.32 STC   44  IST097I  VARY     ACCEPTED
4000 13.46.32 STC   44  IST093I  T3278S41 ACTIVE
0000 13.46.32 STC   35  V NET,ACT,ID=T3278L11,LOGON=SNASOL,LOGMODE=MHP3278E
4000 13.46.32 STC   44  IST097I  VARY     ACCEPTED
0000 13.46.32 STC   35  V NET,ACT,ID=T3278L21,LOGON=SNASOL,LOGMODE=MHP3278E
4000 13.46.32 STC   44  IST097I  VARY     ACCEPTED
0000 13.46.32 STC   35  V NET,ACT,ID=T3767L31,LOGON=SNASOL,LOGMODE=INTERACT
4000 13.46.32 STC   44  IST097I  VARY     ACCEPTED
4000 13.46.32 STC   44  IST093I  T3278L11 ACTIVE
0000 13.46.32 STC   35  V NET,ACT,ID=T3767L41,LOGON=SNASOL,LOGMODE=INTERACT
4000 13.46.32 STC   44  IST097I  VARY     ACCEPTED
4000 13.46.32 STC   44  IST093I  T3767L41 ACTIVE
4000 13.46.32 STC   44  IST093I  T3278L21 ACTIVE
4000 13.46.32 STC   44  IST093I  T3767L31 ACTIVE
0000 13.46.37 STC   35  F TP,LOAD=T07,T07
4020 13.46.37 STC   45  IED160I 3705 T07      LOAD=T07
0000 13.46.40 STC   35  F TP,LOAD=T10,T10
4020 13.46.40 STC   45  IED160I 3705 T10      LOAD=T10
0000 13.46.43 STC   35  F TP,LOAD=T12,T12
4020 13.46.43 STC   45  IED160I 3705 T12      LOAD=T12
0000 13.46.46 STC   35  F TP,LOAD=T14,T14
4020 13.46.46 STC   45  IED160I 3705 T14      LOAD=T14
0000 13.46.49 STC   35  F TP,ACTIV=T07
4020 13.46.50 STC   45  IED382I T07      ACTIVATE COMPLETE
0000 13.46.52 STC   35  F TP,ACTIV=T10
4020 13.46.53 STC   45  IED382I T10      ACTIVATE COMPLETE
0000 13.46.55 STC   35  F TP,ACTIV=T12
4020 13.46.56 STC   45  IED382I T12      ACTIVATE COMPLETE
0000 13.46.58 STC   35  F TP,ACTIV=T14
4020 13.46.59 STC   45  IED382I T14      ACTIVATE COMPLETE
0000 13.47.00 STC   35  S INISDSTD
0200 13.47.00 STC   50  $HASP100 INISDSTD ON STCINRDR
0000 13.47.00 STC   35  SE 'MVS038J MVS 3.8j TK4- system initialization complete',BRDCST
0000 13.47.00           MVS038J MVS 3.8j TK4- system initialization complete CN=00
4000 13.47.00 STC   50  $HASP373 INISDSTD STARTED
4000 13.47.00 STC   50  IEF403I INISDSTD - STARTED - TIME=13.47.00
FFFF 13.47.00 STC   35  +BSPRS99I - End of processing, MAXRC=0000
4000 13.47.00 STC   50  $HASP395 INISDSTD ENDED
4000 13.47.00 STC   50  IEF404I INISDSTD - ENDED - TIME=13.47.00
0200 13.47.00 STC   50  $HASP150 INISDSTD ON PRINTER2        21 LINES
0200 13.47.00           $HASP160 PRINTER2 INACTIVE - CLASS=Z
0200 13.47.00 STC   50  $HASP250 INISDSTD IS PURGED
0000 13.47.52 STC   47  LOGON
FFFF 13.47.52           LGN001I TSO logon in progress at VTAM terminal CUU0C0
4000 13.47.52           IEF170I 1 MSTRJCL  LGN001I TSO logon in progress at VTAM terminal CUU0C0
0200 13.48.01 TSU    4  $HASP100 HERC01   ON TSOINRDR
4000 13.48.01 TSU    4  $HASP373 HERC01   STARTED
4000 13.48.01 TSU    4  IEF125I HERC01 - LOGGED ON - TIME=13.48.01
0200 14.01.08 STC   46  $HASP150 MF1      ON PRINTER1       208 LINES
4000 14.01.08 STC   46  IRB101I MF/1 REPORT AVAILABLE FOR PRINTING
0200 14.01.08           $HASP160 PRINTER1 INACTIVE - CLASS=A
0200 14.16.08 STC   46  $HASP150 MF1      ON PRINTER1       205 LINES
0200 14.16.08           $HASP160 PRINTER1 INACTIVE - CLASS=A
4000 14.16.08 STC   46  IRB101I MF/1 REPORT AVAILABLE FOR PRINTING
0200 14.31.08 STC   46  $HASP150 MF1      ON PRINTER1       205 LINES
0200 14.31.08           $HASP160 PRINTER1 INACTIVE - CLASS=A
4000 14.31.08 STC   46  IRB101I MF/1 REPORT AVAILABLE FOR PRINTING
0200 14.46.08 STC   46  $HASP150 MF1      ON PRINTER1       205 LINES
0200 14.46.08           $HASP160 PRINTER1 INACTIVE - CLASS=A
4000 14.46.08 STC   46  IRB101I MF/1 REPORT AVAILABLE FOR PRINTING
0004 14.46.08           $HASP000 OK
4000 14.48.20 TSU    4  IEF450I HERC01 IKJACCNT TSOLOGON - ABEND S522 U0000 - TIME=14.48.20
0004 14.48.20 TSU    4  IEFACTRT - Stepname  Procstep  Program   Retcode
4000 14.48.20 TSU    4  IEF126I HERC01 - LOGGED OFF - TIME=14.48.20
4000 14.48.20 TSU    4  $HASP395 HERC01   ENDED
0200 14.48.20 TSU    4  $HASP150 HERC01   ON PRINTER2        60 LINES
0200 14.48.20           $HASP160 PRINTER2 INACTIVE - CLASS=Z
0200 14.48.20 TSU    4  $HASP250 HERC01   IS PURGED
0200 15.01.08 STC   46  $HASP150 MF1      ON PRINTER1       208 LINES
0200 15.01.08           $HASP160 PRINTER1 INACTIVE - CLASS=A
4000 15.01.08 STC   46  IRB101I MF/1 REPORT AVAILABLE FOR PRINTING
0200 15.16.08 STC   46  $HASP150 MF1      ON PRINTER1       205 LINES
0200 15.16.08           $HASP160 PRINTER1 INACTIVE - CLASS=A
4000 15.16.08 STC   46  IRB101I MF/1 REPORT AVAILABLE FOR PRINTING
0200 15.31.08 STC   46  $HASP150 MF1      ON PRINTER1       205 LINES
0200 15.31.08           $HASP160 PRINTER1 INACTIVE - CLASS=A
4000 15.31.08 STC   46  IRB101I MF/1 REPORT AVAILABLE FOR PRINTING
0200 15.46.08 STC   46  $HASP150 MF1      ON PRINTER1       205 LINES
0200 15.46.08           $HASP160 PRINTER1 INACTIVE - CLASS=A
4000 15.46.08 STC   46  IRB101I MF/1 REPORT AVAILABLE FOR PRINTING
0004 15.46.08           $HASP000 OK
0200 16.01.08 STC   46  $HASP150 MF1      ON PRINTER1       205 LINES
0200 16.01.08           $HASP160 PRINTER1 INACTIVE - CLASS=A
4000 16.01.08 STC   46  IRB101I MF/1 REPORT AVAILABLE FOR PRINTING
0200 16.16.08 STC   46  $HASP150 MF1      ON PRINTER1       205 LINES
0200 16.16.08           $HASP160 PRINTER1 INACTIVE - CLASS=A
4000 16.16.08 STC   46  IRB101I MF/1 REPORT AVAILABLE FOR PRINTING
0200 16.31.08 STC   46  $HASP150 MF1      ON PRINTER1       205 LINES
0200 16.31.08           $HASP160 PRINTER1 INACTIVE - CLASS=A
4000 16.31.08 STC   46  IRB101I MF/1 REPORT AVAILABLE FOR PRINTING
0000 16.42.41 STC   47  LOGON
FFFF 16.42.41           LGN001I TSO logon in progress at VTAM terminal CUU0C0
4000 16.42.41           IEF170I 1 MSTRJCL  LGN001I TSO logon in progress at VTAM terminal CUU0C0
4100 16.44.33           IKT108I          RECEIVE ERROR,RPLRTNCD=04,RPLFDB2=03,SENSE=00000200,WAITING FOR RECONNECT CUU0C0
0000 16.45.04 STC   47  LOGON
FFFF 16.45.05           LGN001I TSO logon in progress at VTAM terminal CUU0C0
4000 16.45.05           IEF170I 1 MSTRJCL  LGN001I TSO logon in progress at VTAM terminal CUU0C0
0200 16.46.00 TSU    5  $HASP100 HERC01   ON TSOINRDR
4000 16.46.00 TSU    5  $HASP373 HERC01   STARTED
4000 16.46.00 TSU    5  IEF125I HERC01 - LOGGED ON - TIME=16.46.00
0200 16.46.08 STC   46  $HASP150 MF1      ON PRINTER1       208 LINES
0200 16.46.08           $HASP160 PRINTER1 INACTIVE - CLASS=A
4000 16.46.08 STC   46  IRB101I MF/1 REPORT AVAILABLE FOR PRINTING
0004 16.46.09           $HASP000 OK
0200 16.46.15 JOB    2  $HASP100 SHUTDOWN ON INTRDR      Shutdown TK4-
4000 16.46.15 JOB    2  $HASP373 SHUTDOWN STARTED - INIT  1 - CLASS A - SYS TK4-
4000 16.46.15 JOB    2  IEF403I SHUTDOWN - STARTED - TIME=16.46.15
0004 16.46.16 JOB    2  IEFACTRT - Stepname  Procstep  Program   Retcode
0004 16.46.16 JOB    2  SHUTDOWN   SHUTDOWN  SHUTDOWN  BSPHRCMD  RC= 0000
4000 16.46.16 JOB    2  $HASP395 SHUTDOWN ENDED
4000 16.46.16 JOB    2  IEF404I SHUTDOWN - ENDED - TIME=16.46.16
C000 16.46.16           $HASP309    INIT  1 INACTIVE ******** C=A
0200 16.46.16 JOB    2  $HASP150 SHUTDOWN ON PRINTER1        40 LINES
0200 16.46.16           $HASP160 PRINTER1 INACTIVE - CLASS=A
0200 16.46.16 JOB    2  $HASP250 SHUTDOWN IS PURGED
0000 16.46.46           F BSPPILOT,SHUTNOW
4000 16.46.46 STC   35 @BSPPILOT - Immediate Shutdown was requested
FFFF 16.46.46 STC   35  +BSPPILOT - Running script SHUTNOW
FFFF 16.46.46 STC   35  +BSPRS22I - Dataset processed: SYS1.PARMLIB
FFFF 16.46.46 STC   35  +BSPRS23I - on volume MVSRES
FFFF 16.46.46 STC   35  +BSPRS08I - PARM NOREPLYU
FFFF 16.46.46 STC   35  +BSPRS08I - PARM NOECHO
0000 16.46.46 STC   35  $CA,ALL
0004 16.46.46           $HASP000 OK
0000 16.46.47 STC   35  F TSO,USERMAX=0
0000 16.46.47 STC   35  $PI
0004 16.46.47           $HASP000 OK
4000 16.46.47 STC   36  $HASP395 INIT     ENDED
4000 16.46.47 STC   36  IEF404I INIT - ENDED - TIME=16.46.47
0200 16.46.47 STC   36  $HASP150 INIT     ON PRINTER2         7 LINES
0200 16.46.47           $HASP160 PRINTER2 INACTIVE - CLASS=Z
0200 16.46.47 STC   36  $HASP250 INIT     IS PURGED
4000 16.46.47 STC   37  $HASP395 INIT     ENDED
4000 16.46.47 STC   37  IEF404I INIT - ENDED - TIME=16.46.47
0200 16.46.47 STC   37  $HASP150 INIT     ON PRINTER2         7 LINES
0200 16.46.47           $HASP160 PRINTER2 INACTIVE - CLASS=Z
0200 16.46.47 STC   37  $HASP250 INIT     IS PURGED
4000 16.46.47 STC   38  $HASP395 INIT     ENDED
4000 16.46.47 STC   38  IEF404I INIT - ENDED - TIME=16.46.47
0200 16.46.47 STC   38  $HASP150 INIT     ON PRINTER2         7 LINES
0200 16.46.47           $HASP160 PRINTER2 INACTIVE - CLASS=Z
0200 16.46.47 STC   38  $HASP250 INIT     IS PURGED
4000 16.46.47 STC   39  $HASP395 INIT     ENDED
4000 16.46.47 STC   39  IEF404I INIT - ENDED - TIME=16.46.47
0200 16.46.47 STC   39  $HASP150 INIT     ON PRINTER2         7 LINES
0200 16.46.47           $HASP160 PRINTER2 INACTIVE - CLASS=Z
0200 16.46.47 STC   39  $HASP250 INIT     IS PURGED
4000 16.46.47 STC   40  $HASP395 INIT     ENDED
4000 16.46.47 STC   40  IEF404I INIT - ENDED - TIME=16.46.47
0200 16.46.47 STC   40  $HASP150 INIT     ON PRINTER2         7 LINES
0200 16.46.47           $HASP160 PRINTER2 INACTIVE - CLASS=Z
0200 16.46.47 STC   40  $HASP250 INIT     IS PURGED
4000 16.46.47 STC   41  $HASP395 INIT     ENDED
4000 16.46.47 STC   41  IEF404I INIT - ENDED - TIME=16.46.47
FFFF 16.46.47 STC   35  +BSPRS08I - Immediate Shutdown Requested!
0200 16.46.47 STC   41  $HASP150 INIT     ON PRINTER2         7 LINES
0200 16.46.47           $HASP160 PRINTER2 INACTIVE - CLASS=Z
0200 16.46.47 STC   41  $HASP250 INIT     IS PURGED
FFFF 16.46.47 STC   35  +BSPRS08I - Going .....
0000 16.46.47 STC   35  SE '+-------------------------------------------------------+'
0000 16.46.47 STC   35  SE '× Please logoff, the system will terminate in 10 Seconds×'
0000 16.46.47 STC   35  SE '+-------------------------------------------------------+'
8100 16.46.47 STC   47  IKT008I TCAS NOT ACCEPTING LOGONS
FFFF 16.46.57 STC   35  +BSPRS08I -       ..... Going .....
0000 16.46.57 STC   35  SE '*********************************************************'
0000 16.46.57 STC   35  SE '* That was it, system is terminating now                *'
0000 16.46.57 STC   35  SE '*********************************************************'
FFFF 16.46.57 STC   35  +BSPRS08I -                   ..... Going .....
0000 16.47.02 STC   35  P TSO
0000 16.47.02 STC   35  F TP,TS=STOP
4000 16.47.02 STC   45  IKJ405I TIME SHARING ENDED
8100 16.47.02 STC   47 *00 IKT010D 00001 USERS ACTIVE, REPLY 'SIC' OR 'FSTOP'
8100 16.47.04 STC   35  IEE600I REPLY TO 00 IS;'SIC'
0000 16.47.04 STC   35  R 00,'SIC'    <<<<<< BY BSPPILOT
8100 16.47.04 STC   47 *01 IKT012D TCAS TERMINATION IN PROGRESS - SPECIFY 'U' OR 'DUMP'
4000 16.47.04 TSU    5  IEF450I HERC01 IKJACCNT TSOLOGON - ABEND S622 U0000 - TIME=16.47.04
0004 16.47.04 TSU    5  IEFACTRT - Stepname  Procstep  Program   Retcode
4000 16.47.04 TSU    5  $HASP395 HERC01   ENDED
4000 16.47.04 TSU    5  IEF126I HERC01 - LOGGED OFF - TIME=16.47.04
0200 16.47.04 TSU    5  $HASP150 HERC01   ON PRINTER2        72 LINES
0200 16.47.04           $HASP160 PRINTER2 INACTIVE - CLASS=Z
0200 16.47.04 TSU    5  $HASP250 HERC01   IS PURGED
8100 16.47.06 STC   35  IEE600I REPLY TO 01 IS;'U'
0000 16.47.06 STC   35  R 01,'U'      <<<<<< BY BSPPILOT
8100 16.47.06 STC   47  IKT006I  TCAS ENDED
4000 16.47.06 STC   47  $HASP395 TSO      ENDED
4000 16.47.06 STC   47  IEF404I TSO - ENDED - TIME=16.47.06
0200 16.47.06 STC   47  $HASP150 TSO      ON PRINTER1        21 LINES
0200 16.47.06 STC   47  $HASP150 TSO      ON PRINTER2        33 LINES
0200 16.47.06           $HASP160 PRINTER1 INACTIVE - CLASS=A
0200 16.47.06           $HASP160 PRINTER2 INACTIVE - CLASS=Z
0200 16.47.06 STC   47  $HASP250 TSO      IS PURGED
0000 16.47.07 STC   35  P SNASOL
0020 16.47.07 STC   48  +SNASOL - APPLICATION IS SHUTTING DOWN
0000 16.47.07 STC   35  P JRP
0000 16.47.07 STC   35  F TP,DEACT=T07
0000 16.47.07 STC   35  F TP,DEACT=T10
0000 16.47.07 STC   35  F TP,DEACT=T12
0000 16.47.07 STC   35  F TP,DEACT=T14
0020 16.47.07 STC   48  +SNASOL - LOGGED OFF T3278L11 FOR SHUTDOWN
0020 16.47.07 STC   48  +SNASOL - LOGGED OFF T3767L41 FOR SHUTDOWN
0020 16.47.07 STC   48  +SNASOL - LOGGED OFF T3278L21 FOR SHUTDOWN
0020 16.47.07 STC   48  +SNASOL - LOGGED OFF T3767L31 FOR SHUTDOWN
0020 16.47.08 STC   48  +SNASOL - APPLICATION COMPLETE - RPL STATS: COUNT=007,   REQUESTS=010
FFFF 16.47.08 STC   49  JRPI102 JRP SHUTTING DOWN
4000 16.47.08 STC   48  $HASP395 SNASOL   ENDED
4000 16.47.08 STC   48  IEF404I SNASOL - ENDED - TIME=16.47.08
0200 16.47.08 STC   48  $HASP150 SNASOL   ON PRINTER2        27 LINES
0200 16.47.08           $HASP160 PRINTER2 INACTIVE - CLASS=Z
0200 16.47.08 STC   48  $HASP250 SNASOL   IS PURGED
4020 16.47.11 STC   45  IED401I T10          HAS BEEN DEACTIVATED
4020 16.47.11 STC   45  IED401I T12          HAS BEEN DEACTIVATED
4020 16.47.11 STC   45  IED401I T07          HAS BEEN DEACTIVATED
4020 16.47.11 STC   45  IED401I T14          HAS BEEN DEACTIVATED
0000 16.47.12 STC   35  Z NET,QUICK
4000 16.47.12 STC   44  IST097I  HALT     ACCEPTED
4400 16.47.12 STC   44  IST133I  VTAM TERMINATION IN PROGRESS
0000 16.47.12 STC   35  I SMF
0000 16.47.12           S SMFDAILY,,,MAN=Y
8000 16.47.12          *IEE362A SMF ENTER DUMP FOR SYS1.MANY ON MVSRES
4000 16.47.12           IEE360I SMF NOW RECORDING ON SYS1.MANX ON MVSRES TIME=16.47.12
0200 16.47.12 STC   51  $HASP100 SMFDAILY ON STCINRDR
4000 16.47.12 STC   51  $HASP373 SMFDAILY STARTED
4000 16.47.12 STC   51  IEF403I SMFDAILY - STARTED - TIME=16.47.12
4000 16.47.12 STC   44  IST109I  NETWORK SOLICITOR IS NOW TERMINATED
4140 16.47.12 STC   44  IST141I  NODE L3274    NOW DORMANT
4000 16.47.12 STC   44  IST105I  S3705    NODE NOW INACTIVE
4000 16.47.12 STC   44  IST617I  DEACTIVATE IN PROGRESS FOR N07P3
4000 16.47.12 STC   44  IST617I  DEACTIVATE IN PROGRESS FOR N08
4000 16.47.12 STC   44  IST617I  DEACTIVATE IN PROGRESS FOR N10P3
4000 16.47.12 STC   44  IST617I  DEACTIVATE IN PROGRESS FOR N11
4000 16.47.12 STC   44  IST617I  DEACTIVATE IN PROGRESS FOR N12P3
4000 16.47.12 STC   44  IST617I  DEACTIVATE IN PROGRESS FOR N13
4000 16.47.12 STC   44  IST617I  DEACTIVATE IN PROGRESS FOR N14P3
4000 16.47.12 STC   44  IST617I  DEACTIVATE IN PROGRESS FOR N15
4000 16.47.12 STC   44  IST105I  L3274    NODE NOW INACTIVE
4140 16.47.12 STC   44  IST141I  NODE P3767L3  NOW DORMANT
4000 16.47.12 STC   44  IST105I  P3767L3  NODE NOW INACTIVE
4140 16.47.12 STC   44  IST141I  NODE P3767L4  NOW DORMANT
4000 16.47.12 STC   44  IST105I  P3767L4  NODE NOW INACTIVE
4140 16.47.12 STC   44  IST141I  NODE P3278L2  NOW DORMANT
4000 16.47.12 STC   44  IST105I  P3278L2  NODE NOW INACTIVE
4140 16.47.12 STC   44  IST141I  NODE P3278L1  NOW DORMANT
4000 16.47.12 STC   44  IST105I  P3278L1  NODE NOW INACTIVE
4000 16.47.12 STC   44  IST105I  L3791    NODE NOW INACTIVE
4140 16.47.12 STC   44  IST141I  NODE N07P3    NOW DORMANT
4000 16.47.12 STC   44  IST105I  N07P3    NODE NOW INACTIVE
4140 16.47.12 STC   44  IST141I  NODE N12P3    NOW DORMANT
4000 16.47.12 STC   44  IST105I  N12P3    NODE NOW INACTIVE
4140 16.47.12 STC   44  IST141I  NODE N14P3    NOW DORMANT
4140 16.47.12 STC   44  IST141I  NODE N10P3    NOW DORMANT
4000 16.47.12 STC   51  $HASP395 SMFDAILY ENDED
4000 16.47.12 STC   51  IEF404I SMFDAILY - ENDED - TIME=16.47.12
0200 16.47.12 STC   51  $HASP150 SMFDAILY ON PRINTER2        36 LINES
0200 16.47.12           $HASP160 PRINTER2 INACTIVE - CLASS=Z
0200 16.47.12 STC   51  $HASP250 SMFDAILY IS PURGED
4000 16.47.12 STC   44  IST105I  N14P3    NODE NOW INACTIVE
4000 16.47.12 STC   44  IST105I  N10P3    NODE NOW INACTIVE
4140 16.47.12 STC   44  IST141I  NODE N11      NOW DORMANT
4000 16.47.12 STC   44  IST105I  N11      NODE NOW INACTIVE
4140 16.47.12 STC   44  IST141I  NODE N13      NOW DORMANT
4000 16.47.12 STC   44  IST105I  N13      NODE NOW INACTIVE
4140 16.47.12 STC   44  IST141I  NODE N08      NOW DORMANT
4140 16.47.12 STC   44  IST141I  NODE N15      NOW DORMANT
4000 16.47.12 STC   44  IST105I  N15      NODE NOW INACTIVE
4000 16.47.12 STC   44  IST105I  N08      NODE NOW INACTIVE
4140 16.47.12 STC   44  IST141I  NODE N10      NOW DORMANT
4000 16.47.12 STC   44  IST105I  N10      NODE NOW INACTIVE
4140 16.47.12 STC   44  IST141I  NODE N07      NOW DORMANT
4140 16.47.12 STC   44  IST141I  NODE N12      NOW DORMANT
4000 16.47.12 STC   44  IST105I  N12      NODE NOW INACTIVE
4000 16.47.12 STC   44  IST105I  N07      NODE NOW INACTIVE
4140 16.47.12 STC   44  IST141I  NODE N14      NOW DORMANT
4000 16.47.12 STC   44  IST105I  N14      NODE NOW INACTIVE
0000 16.47.15 STC   35  $P PRT1
0004 16.47.15           $HASP000 OK
0300 16.47.15           $HASP097 PRINTER1 IS DRAINED
0000 16.47.15 STC   35  $P PRT2
0004 16.47.15           $HASP000 OK
0300 16.47.15           $HASP097 PRINTER2 IS DRAINED
0000 16.47.15 STC   35  $P PRT3
0004 16.47.15           $HASP000 OK
0300 16.47.15           $HASP097 PRINTER3 IS DRAINED
0000 16.47.15 STC   35  $P PUNCH1
0004 16.47.15           $HASP000 OK
0300 16.47.15           $HASP097 PUNCH1   IS DRAINED
0000 16.47.15 STC   35  $P RDR1
0004 16.47.15           $HASP000 OK
0300 16.47.15           $HASP097 READER1  IS DRAINED
0000 16.47.15 STC   35  $P LINE1
0004 16.47.15           $HASP000 OK
0000 16.47.15 STC   35  $P LINE2
0004 16.47.15           $HASP000 OK
0000 16.47.15 STC   35  $P LINE3
0004 16.47.15           $HASP000 OK
0000 16.47.15 STC   35  $P LINE4
0004 16.47.15           $HASP000 OK
FFFF 16.47.16 STC   49  JRPI104 SHUTDOWN COMPLETE, ENDING
FFFF 16.47.16 STC   49  JRP100I AFTER ACB CLOSE
4000 16.47.16 STC   49  $HASP395 JRP      ENDED
4000 16.47.16 STC   49  IEF404I JRP - ENDED - TIME=16.47.16
0000 16.47.20 STC   35  Z TP
0000 16.47.20 STC   35  $E LINE1
0004 16.47.20           $HASP000 OK
0300 16.47.20           $HASP097 LINE1    IS DRAINED
4020 16.47.20 STC   45  IED097I TCAM IS CLOSED DOWN
4000 16.47.20 STC   45  $HASP395 TP       ENDED
4000 16.47.20 STC   45  IEF404I TP - ENDED - TIME=16.47.20
0000 16.47.20 STC   35  $E LINE2
0004 16.47.20           $HASP000 OK
0300 16.47.20           $HASP097 LINE2    IS DRAINED
0000 16.47.20 STC   35  $E LINE3
0004 16.47.20           $HASP000 OK
0300 16.47.20           $HASP097 LINE3    IS DRAINED
0000 16.47.20 STC   35  $E LINE4
0004 16.47.20           $HASP000 OK
0300 16.47.20           $HASP097 LINE4    IS DRAINED
0000 16.47.23 STC   35  $P
0004 16.47.23           $HASP000 SYSTEM DRAINING
FFFF 16.47.23 STC   35  +BSPRS08I -                               ..... GONE ....
0000 16.47.23 STC   35  F BSPPILOT,STOPMVS
0000 16.47.23 STC   35  P MF1
0000 16.47.23 STC   35  P CMD1
4000 16.47.23          *CMD SUBSYS -   COMMAND SUB-SYSTEM TERMINATED
4000 16.47.23 STC   46  IRB101I MF/1 REPORT AVAILABLE FOR PRINTING
4000 16.47.23 STC   46  IRB102I MF/1 TERMINATED
4000 16.47.23 STC   46  $HASP395 MF1      ENDED
4000 16.47.23 STC   46  IEF404I MF1 - ENDED - TIME=16.47.23
0000 16.47.23           IEF196I IEF142I CMD1 CMD1 - STEP WAS EXECUTED - COND CODE 0000
4000 16.47.23           IEF404I CMD1 - ENDED - TIME=16.47.23
0000 16.47.23 STC   35  P BSPPILOT
0000 16.47.23 STC   35  $P
0004 16.47.23           $HASP000 SYSTEM DRAINING
0000 16.47.23 STC   35  $PJES2
0004 16.47.23           $HASP000 JES2 NOT DORMANT -- SYSTEM NOW DRAINING
4000 16.47.23 STC   35 @BSPSD999 - Shutting down MVS
FFFF 16.47.23 STC   35  +BSPPILOT - Shutdown sequence terminated
4000 16.47.23 STC   35  $HASP395 BSPPILOT ENDED
4000 16.47.23 STC   35  IEF404I BSPPILOT - ENDED - TIME=16.47.23
4000 16.47.57 STC   44  IST105I  ATSO     NODE NOW INACTIVE
4000 16.47.57 STC   44  IST105I  ASNASOL  NODE NOW INACTIVE
4000 16.47.57 STC   44  IST105I  AJRP     NODE NOW INACTIVE
4000 16.47.57 STC   44  IST412I  VTAM COMMAND PROCESSING TERMINATED
4000 16.47.57 STC   44  IST102I  VTAM IS NOW INACTIVE
4000 16.47.57 STC   44  $HASP395 NET      ENDED
4000 16.47.57 STC   44  IEF404I NET - ENDED - TIME=16.47.57
FF40 16.47.57           $HASP099 ALL AVAILABLE FUNCTIONS COMPLETE
0000 16.48.00           $PJES2
4000 16.48.00           IEE043I A SYSTEM LOG DATA SET HAS BEEN QUEUED TO SYSOUT CLASS L
4000 16.48.00           IEE037I LOG NOT ACTIVE
FFFF 16.48.05           $HASP085 JES2 TERMINATION COMPLETE
0000 16.48.05           IEF196I $HASP085 JES2 TERMINATION COMPLETE
0000 16.48.05           IEF196I IEF142I JES2 JES2 - STEP WAS EXECUTED - COND CODE 0000
0000 16.48.05           IEF196I IEF285I   SYS1.LINKLIB                                 KEPT
0000 16.48.05           IEF196I IEF285I   VOL SER NOS= MVSRES.
0000 16.48.05           IEF196I IEF285I   SYS1.PROCLIB                                 KEPT
0000 16.48.05           IEF196I IEF285I   VOL SER NOS= MVSRES.
0000 16.48.05           IEF196I IEF285I   SYS2.PROCLIB                                 KEPT
0000 16.48.05           IEF196I IEF285I   VOL SER NOS= PUB000.
0000 16.48.05           IEF196I IEF285I   SYS1.PROCLIB                                 KEPT
0000 16.48.05           IEF196I IEF285I   VOL SER NOS= MVSRES.
0000 16.48.05           IEF196I IEF285I   SYS1.PROCLIB                                 KEPT
0000 16.48.05           IEF196I IEF285I   VOL SER NOS= MVSRES.
0000 16.48.05           IEF196I IEF285I   SYS2.PROCLIB                                 KEPT
0000 16.48.05           IEF196I IEF285I   VOL SER NOS= PUB000.
0000 16.48.05           IEF196I IEF285I   SYS1.PROCLIB                                 KEPT
0000 16.48.05           IEF196I IEF285I   VOL SER NOS= MVSRES.
0000 16.48.05           IEF196I IEF285I   SYS1.PROCLIB                                 KEPT
0000 16.48.05           IEF196I IEF285I   VOL SER NOS= MVSRES.
0000 16.48.05           IEF196I IEF285I   SYS2.PROCLIB                                 KEPT
0000 16.48.05           IEF196I IEF285I   VOL SER NOS= PUB000.
0000 16.48.05           IEF196I IEF285I   SYS1.PROCLIB                                 KEPT
0000 16.48.05           IEF196I IEF285I   VOL SER NOS= MVSRES.
0000 16.48.05           IEF196I IEF285I   SYS1.JES2PARM                                KEPT
0000 16.48.05           IEF196I IEF285I   VOL SER NOS= MVSRES.
0000 16.48.05           IEF196I IEF285I   SYS1.JES2PARM                                KEPT
0000 16.48.05           IEF196I IEF285I   VOL SER NOS= MVSRES.
0000 16.48.05           IEF196I IEF285I   SYS1.HASPCKPT                                KEPT
0000 16.48.05           IEF196I IEF285I   VOL SER NOS= MVSDLB.
0000 16.48.05           IEF196I IEF285I   SYS1.HASPACE                                 KEPT
0000 16.48.05           IEF196I IEF285I   VOL SER NOS= HASP00.
4000 16.48.05           IEF404I JES2 - ENDED - TIME=16.48.05
0000 16.48.08           Z EOD
8000 16.48.08          *IEE362A SMF ENTER DUMP FOR SYS1.MANX ON MVSRES
4000 16.48.08           IEE360I SMF NOW RECORDING ON SYS1.MANY ON MVSRES TIME=16.48.08
4000 16.48.08           IEE334I HALT     EOD SUCCESSFUL
0000 16.48.11           QUIESCE
